CRITICAL - 2020-06-11 07:00:39 --> Expression #1 of SELECT list is not in GROUP BY clause and contains nonaggregated column 'penjualan.transactions.trx_price' which is not functionally dependent on columns in GROUP BY clause; this is incompatible with sql_mode=only_full_group_by
#0 C:\Users\David Geraldo\Desktop\penjualan\system\Database\MySQLi\Connection.php(330): mysqli->query('SELECT trx_pric...')
#1 C:\Users\David Geraldo\Desktop\penjualan\system\Database\BaseConnection.php(738): CodeIgniter\Database\MySQLi\Connection->execute('SELECT trx_pric...')
#2 C:\Users\David Geraldo\Desktop\penjualan\system\Database\BaseConnection.php(666): CodeIgniter\Database\BaseConnection->simpleQuery('SELECT trx_pric...')
#3 C:\Users\David Geraldo\Desktop\penjualan\app\Models\MsDashboard.php(36): CodeIgniter\Database\BaseConnection->query('SELECT trx_pric...')
#4 C:\Users\David Geraldo\Desktop\penjualan\app\Controllers\Dashboard.php(21): App\Models\MsDashboard->getGrafik()
#5 C:\Users\David Geraldo\Desktop\penjualan\system\CodeIgniter.php(910): App\Controllers\Dashboard->index()
#6 C:\Users\David Geraldo\Desktop\penjualan\system\CodeIgniter.php(398): CodeIgniter\CodeIgniter->runController(Object(App\Controllers\Dashboard))
#7 C:\Users\David Geraldo\Desktop\penjualan\system\CodeIgniter.php(306): CodeIgniter\CodeIgniter->handleRequest(NULL, Object(Config\Cache), false)
#8 C:\Users\David Geraldo\Desktop\penjualan\public\index.php(45): CodeIgniter\CodeIgniter->run()
#9 C:\Users\David Geraldo\Desktop\penjualan\system\Commands\Server\rewrite.php(34): require_once('C:\\Users\\David ...')
#10 {main}
CRITICAL - 2020-06-11 07:00:47 --> Expression #1 of SELECT list is not in GROUP BY clause and contains nonaggregated column 'penjualan.transactions.trx_price' which is not functionally dependent on columns in GROUP BY clause; this is incompatible with sql_mode=only_full_group_by
#0 C:\Users\David Geraldo\Desktop\penjualan\system\Database\MySQLi\Connection.php(330): mysqli->query('SELECT trx_pric...')
#1 C:\Users\David Geraldo\Desktop\penjualan\system\Database\BaseConnection.php(738): CodeIgniter\Database\MySQLi\Connection->execute('SELECT trx_pric...')
#2 C:\Users\David Geraldo\Desktop\penjualan\system\Database\BaseConnection.php(666): CodeIgniter\Database\BaseConnection->simpleQuery('SELECT trx_pric...')
#3 C:\Users\David Geraldo\Desktop\penjualan\app\Models\MsDashboard.php(36): CodeIgniter\Database\BaseConnection->query('SELECT trx_pric...')
#4 C:\Users\David Geraldo\Desktop\penjualan\app\Controllers\Dashboard.php(21): App\Models\MsDashboard->getGrafik()
#5 C:\Users\David Geraldo\Desktop\penjualan\system\CodeIgniter.php(910): App\Controllers\Dashboard->index()
#6 C:\Users\David Geraldo\Desktop\penjualan\system\CodeIgniter.php(398): CodeIgniter\CodeIgniter->runController(Object(App\Controllers\Dashboard))
#7 C:\Users\David Geraldo\Desktop\penjualan\system\CodeIgniter.php(306): CodeIgniter\CodeIgniter->handleRequest(NULL, Object(Config\Cache), false)
#8 C:\Users\David Geraldo\Desktop\penjualan\public\index.php(45): CodeIgniter\CodeIgniter->run()
#9 C:\Users\David Geraldo\Desktop\penjualan\system\Commands\Server\rewrite.php(34): require_once('C:\\Users\\David ...')
#10 {main}
CRITICAL - 2020-06-11 07:01:04 --> Expression #1 of SELECT list is not in GROUP BY clause and contains nonaggregated column 'penjualan.transactions.trx_price' which is not functionally dependent on columns in GROUP BY clause; this is incompatible with sql_mode=only_full_group_by
#0 C:\Users\David Geraldo\Desktop\penjualan\system\Database\MySQLi\Connection.php(330): mysqli->query('SELECT trx_pric...')
#1 C:\Users\David Geraldo\Desktop\penjualan\system\Database\BaseConnection.php(738): CodeIgniter\Database\MySQLi\Connection->execute('SELECT trx_pric...')
#2 C:\Users\David Geraldo\Desktop\penjualan\system\Database\BaseConnection.php(666): CodeIgniter\Database\BaseConnection->simpleQuery('SELECT trx_pric...')
#3 C:\Users\David Geraldo\Desktop\penjualan\app\Models\MsDashboard.php(36): CodeIgniter\Database\BaseConnection->query('SELECT trx_pric...')
#4 C:\Users\David Geraldo\Desktop\penjualan\app\Controllers\Dashboard.php(21): App\Models\MsDashboard->getGrafik()
#5 C:\Users\David Geraldo\Desktop\penjualan\system\CodeIgniter.php(910): App\Controllers\Dashboard->index()
#6 C:\Users\David Geraldo\Desktop\penjualan\system\CodeIgniter.php(398): CodeIgniter\CodeIgniter->runController(Object(App\Controllers\Dashboard))
#7 C:\Users\David Geraldo\Desktop\penjualan\system\CodeIgniter.php(306): CodeIgniter\CodeIgniter->handleRequest(NULL, Object(Config\Cache), false)
#8 C:\Users\David Geraldo\Desktop\penjualan\public\index.php(45): CodeIgniter\CodeIgniter->run()
#9 C:\Users\David Geraldo\Desktop\penjualan\system\Commands\Server\rewrite.php(34): require_once('C:\\Users\\David ...')
#10 {main}
CRITICAL - 2020-06-11 07:02:09 --> Expression #1 of SELECT list is not in GROUP BY clause and contains nonaggregated column 'penjualan.transactions.trx_price' which is not functionally dependent on columns in GROUP BY clause; this is incompatible with sql_mode=only_full_group_by
#0 C:\Users\David Geraldo\Desktop\penjualan\system\Database\MySQLi\Connection.php(330): mysqli->query('SELECT trx_pric...')
#1 C:\Users\David Geraldo\Desktop\penjualan\system\Database\BaseConnection.php(738): CodeIgniter\Database\MySQLi\Connection->execute('SELECT trx_pric...')
#2 C:\Users\David Geraldo\Desktop\penjualan\system\Database\BaseConnection.php(666): CodeIgniter\Database\BaseConnection->simpleQuery('SELECT trx_pric...')
#3 C:\Users\David Geraldo\Desktop\penjualan\app\Models\MsDashboard.php(36): CodeIgniter\Database\BaseConnection->query('SELECT trx_pric...')
#4 C:\Users\David Geraldo\Desktop\penjualan\app\Controllers\Dashboard.php(21): App\Models\MsDashboard->getGrafik()
#5 C:\Users\David Geraldo\Desktop\penjualan\system\CodeIgniter.php(910): App\Controllers\Dashboard->index()
#6 C:\Users\David Geraldo\Desktop\penjualan\system\CodeIgniter.php(398): CodeIgniter\CodeIgniter->runController(Object(App\Controllers\Dashboard))
#7 C:\Users\David Geraldo\Desktop\penjualan\system\CodeIgniter.php(306): CodeIgniter\CodeIgniter->handleRequest(NULL, Object(Config\Cache), false)
#8 C:\Users\David Geraldo\Desktop\penjualan\public\index.php(45): CodeIgniter\CodeIgniter->run()
#9 C:\Users\David Geraldo\Desktop\penjualan\system\Commands\Server\rewrite.php(34): require_once('C:\\Users\\David ...')
#10 {main}
CRITICAL - 2020-06-11 07:02:10 --> Expression #1 of SELECT list is not in GROUP BY clause and contains nonaggregated column 'penjualan.transactions.trx_price' which is not functionally dependent on columns in GROUP BY clause; this is incompatible with sql_mode=only_full_group_by
#0 C:\Users\David Geraldo\Desktop\penjualan\system\Database\MySQLi\Connection.php(330): mysqli->query('SELECT trx_pric...')
#1 C:\Users\David Geraldo\Desktop\penjualan\system\Database\BaseConnection.php(738): CodeIgniter\Database\MySQLi\Connection->execute('SELECT trx_pric...')
#2 C:\Users\David Geraldo\Desktop\penjualan\system\Database\BaseConnection.php(666): CodeIgniter\Database\BaseConnection->simpleQuery('SELECT trx_pric...')
#3 C:\Users\David Geraldo\Desktop\penjualan\app\Models\MsDashboard.php(36): CodeIgniter\Database\BaseConnection->query('SELECT trx_pric...')
#4 C:\Users\David Geraldo\Desktop\penjualan\app\Controllers\Dashboard.php(21): App\Models\MsDashboard->getGrafik()
#5 C:\Users\David Geraldo\Desktop\penjualan\system\CodeIgniter.php(910): App\Controllers\Dashboard->index()
#6 C:\Users\David Geraldo\Desktop\penjualan\system\CodeIgniter.php(398): CodeIgniter\CodeIgniter->runController(Object(App\Controllers\Dashboard))
#7 C:\Users\David Geraldo\Desktop\penjualan\system\CodeIgniter.php(306): CodeIgniter\CodeIgniter->handleRequest(NULL, Object(Config\Cache), false)
#8 C:\Users\David Geraldo\Desktop\penjualan\public\index.php(45): CodeIgniter\CodeIgniter->run()
#9 C:\Users\David Geraldo\Desktop\penjualan\system\Commands\Server\rewrite.php(34): require_once('C:\\Users\\David ...')
#10 {main}
CRITICAL - 2020-06-11 07:02:11 --> Expression #1 of SELECT list is not in GROUP BY clause and contains nonaggregated column 'penjualan.transactions.trx_price' which is not functionally dependent on columns in GROUP BY clause; this is incompatible with sql_mode=only_full_group_by
#0 C:\Users\David Geraldo\Desktop\penjualan\system\Database\MySQLi\Connection.php(330): mysqli->query('SELECT trx_pric...')
#1 C:\Users\David Geraldo\Desktop\penjualan\system\Database\BaseConnection.php(738): CodeIgniter\Database\MySQLi\Connection->execute('SELECT trx_pric...')
#2 C:\Users\David Geraldo\Desktop\penjualan\system\Database\BaseConnection.php(666): CodeIgniter\Database\BaseConnection->simpleQuery('SELECT trx_pric...')
#3 C:\Users\David Geraldo\Desktop\penjualan\app\Models\MsDashboard.php(36): CodeIgniter\Database\BaseConnection->query('SELECT trx_pric...')
#4 C:\Users\David Geraldo\Desktop\penjualan\app\Controllers\Dashboard.php(21): App\Models\MsDashboard->getGrafik()
#5 C:\Users\David Geraldo\Desktop\penjualan\system\CodeIgniter.php(910): App\Controllers\Dashboard->index()
#6 C:\Users\David Geraldo\Desktop\penjualan\system\CodeIgniter.php(398): CodeIgniter\CodeIgniter->runController(Object(App\Controllers\Dashboard))
#7 C:\Users\David Geraldo\Desktop\penjualan\system\CodeIgniter.php(306): CodeIgniter\CodeIgniter->handleRequest(NULL, Object(Config\Cache), false)
#8 C:\Users\David Geraldo\Desktop\penjualan\public\index.php(45): CodeIgniter\CodeIgniter->run()
#9 C:\Users\David Geraldo\Desktop\penjualan\system\Commands\Server\rewrite.php(34): require_once('C:\\Users\\David ...')
#10 {main}
CRITICAL - 2020-06-11 07:03:06 --> Expression #1 of SELECT list is not in GROUP BY clause and contains nonaggregated column 'penjualan.transactions.trx_price' which is not functionally dependent on columns in GROUP BY clause; this is incompatible with sql_mode=only_full_group_by
#0 C:\Users\David Geraldo\Desktop\penjualan\system\Database\MySQLi\Connection.php(330): mysqli->query('SELECT trx_pric...')
#1 C:\Users\David Geraldo\Desktop\penjualan\system\Database\BaseConnection.php(738): CodeIgniter\Database\MySQLi\Connection->execute('SELECT trx_pric...')
#2 C:\Users\David Geraldo\Desktop\penjualan\system\Database\BaseConnection.php(666): CodeIgniter\Database\BaseConnection->simpleQuery('SELECT trx_pric...')
#3 C:\Users\David Geraldo\Desktop\penjualan\app\Models\MsDashboard.php(36): CodeIgniter\Database\BaseConnection->query('SELECT trx_pric...')
#4 C:\Users\David Geraldo\Desktop\penjualan\app\Controllers\Dashboard.php(21): App\Models\MsDashboard->getGrafik()
#5 C:\Users\David Geraldo\Desktop\penjualan\system\CodeIgniter.php(910): App\Controllers\Dashboard->index()
#6 C:\Users\David Geraldo\Desktop\penjualan\system\CodeIgniter.php(398): CodeIgniter\CodeIgniter->runController(Object(App\Controllers\Dashboard))
#7 C:\Users\David Geraldo\Desktop\penjualan\system\CodeIgniter.php(306): CodeIgniter\CodeIgniter->handleRequest(NULL, Object(Config\Cache), false)
#8 C:\Users\David Geraldo\Desktop\penjualan\public\index.php(45): CodeIgniter\CodeIgniter->run()
#9 C:\Users\David Geraldo\Desktop\penjualan\system\Commands\Server\rewrite.php(34): require_once('C:\\Users\\David ...')
#10 {main}
CRITICAL - 2020-06-11 07:03:52 --> Expression #1 of SELECT list is not in GROUP BY clause and contains nonaggregated column 'penjualan.transactions.trx_price' which is not functionally dependent on columns in GROUP BY clause; this is incompatible with sql_mode=only_full_group_by
#0 C:\Users\David Geraldo\Desktop\penjualan\system\Database\MySQLi\Connection.php(330): mysqli->query('SELECT trx_pric...')
#1 C:\Users\David Geraldo\Desktop\penjualan\system\Database\BaseConnection.php(738): CodeIgniter\Database\MySQLi\Connection->execute('SELECT trx_pric...')
#2 C:\Users\David Geraldo\Desktop\penjualan\system\Database\BaseConnection.php(666): CodeIgniter\Database\BaseConnection->simpleQuery('SELECT trx_pric...')
#3 C:\Users\David Geraldo\Desktop\penjualan\app\Models\MsDashboard.php(36): CodeIgniter\Database\BaseConnection->query('SELECT trx_pric...')
#4 C:\Users\David Geraldo\Desktop\penjualan\app\Controllers\Dashboard.php(21): App\Models\MsDashboard->getGrafik()
#5 C:\Users\David Geraldo\Desktop\penjualan\system\CodeIgniter.php(910): App\Controllers\Dashboard->index()
#6 C:\Users\David Geraldo\Desktop\penjualan\system\CodeIgniter.php(398): CodeIgniter\CodeIgniter->runController(Object(App\Controllers\Dashboard))
#7 C:\Users\David Geraldo\Desktop\penjualan\system\CodeIgniter.php(306): CodeIgniter\CodeIgniter->handleRequest(NULL, Object(Config\Cache), false)
#8 C:\Users\David Geraldo\Desktop\penjualan\public\index.php(45): CodeIgniter\CodeIgniter->run()
#9 C:\Users\David Geraldo\Desktop\penjualan\system\Commands\Server\rewrite.php(34): require_once('C:\\Users\\David ...')
#10 {main}
CRITICAL - 2020-06-11 07:03:58 --> Expression #1 of SELECT list is not in GROUP BY clause and contains nonaggregated column 'penjualan.transactions.trx_price' which is not functionally dependent on columns in GROUP BY clause; this is incompatible with sql_mode=only_full_group_by
#0 C:\Users\David Geraldo\Desktop\penjualan\system\Database\MySQLi\Connection.php(330): mysqli->query('SELECT trx_pric...')
#1 C:\Users\David Geraldo\Desktop\penjualan\system\Database\BaseConnection.php(738): CodeIgniter\Database\MySQLi\Connection->execute('SELECT trx_pric...')
#2 C:\Users\David Geraldo\Desktop\penjualan\system\Database\BaseConnection.php(666): CodeIgniter\Database\BaseConnection->simpleQuery('SELECT trx_pric...')
#3 C:\Users\David Geraldo\Desktop\penjualan\app\Models\MsDashboard.php(36): CodeIgniter\Database\BaseConnection->query('SELECT trx_pric...')
#4 C:\Users\David Geraldo\Desktop\penjualan\app\Controllers\Dashboard.php(21): App\Models\MsDashboard->getGrafik()
#5 C:\Users\David Geraldo\Desktop\penjualan\system\CodeIgniter.php(910): App\Controllers\Dashboard->index()
#6 C:\Users\David Geraldo\Desktop\penjualan\system\CodeIgniter.php(398): CodeIgniter\CodeIgniter->runController(Object(App\Controllers\Dashboard))
#7 C:\Users\David Geraldo\Desktop\penjualan\system\CodeIgniter.php(306): CodeIgniter\CodeIgniter->handleRequest(NULL, Object(Config\Cache), false)
#8 C:\Users\David Geraldo\Desktop\penjualan\public\index.php(45): CodeIgniter\CodeIgniter->run()
#9 C:\Users\David Geraldo\Desktop\penjualan\system\Commands\Server\rewrite.php(34): require_once('C:\\Users\\David ...')
#10 {main}
CRITICAL - 2020-06-11 07:04:02 --> Expression #1 of SELECT list is not in GROUP BY clause and contains nonaggregated column 'penjualan.transactions.trx_price' which is not functionally dependent on columns in GROUP BY clause; this is incompatible with sql_mode=only_full_group_by
#0 C:\Users\David Geraldo\Desktop\penjualan\system\Database\MySQLi\Connection.php(330): mysqli->query('SELECT trx_pric...')
#1 C:\Users\David Geraldo\Desktop\penjualan\system\Database\BaseConnection.php(738): CodeIgniter\Database\MySQLi\Connection->execute('SELECT trx_pric...')
#2 C:\Users\David Geraldo\Desktop\penjualan\system\Database\BaseConnection.php(666): CodeIgniter\Database\BaseConnection->simpleQuery('SELECT trx_pric...')
#3 C:\Users\David Geraldo\Desktop\penjualan\app\Models\MsDashboard.php(36): CodeIgniter\Database\BaseConnection->query('SELECT trx_pric...')
#4 C:\Users\David Geraldo\Desktop\penjualan\app\Controllers\Dashboard.php(21): App\Models\MsDashboard->getGrafik()
#5 C:\Users\David Geraldo\Desktop\penjualan\system\CodeIgniter.php(910): App\Controllers\Dashboard->index()
#6 C:\Users\David Geraldo\Desktop\penjualan\system\CodeIgniter.php(398): CodeIgniter\CodeIgniter->runController(Object(App\Controllers\Dashboard))
#7 C:\Users\David Geraldo\Desktop\penjualan\system\CodeIgniter.php(306): CodeIgniter\CodeIgniter->handleRequest(NULL, Object(Config\Cache), false)
#8 C:\Users\David Geraldo\Desktop\penjualan\public\index.php(45): CodeIgniter\CodeIgniter->run()
#9 C:\Users\David Geraldo\Desktop\penjualan\system\Commands\Server\rewrite.php(34): require_once('C:\\Users\\David ...')
#10 {main}
CRITICAL - 2020-06-11 07:04:04 --> Expression #1 of SELECT list is not in GROUP BY clause and contains nonaggregated column 'penjualan.transactions.trx_price' which is not functionally dependent on columns in GROUP BY clause; this is incompatible with sql_mode=only_full_group_by
#0 C:\Users\David Geraldo\Desktop\penjualan\system\Database\MySQLi\Connection.php(330): mysqli->query('SELECT trx_pric...')
#1 C:\Users\David Geraldo\Desktop\penjualan\system\Database\BaseConnection.php(738): CodeIgniter\Database\MySQLi\Connection->execute('SELECT trx_pric...')
#2 C:\Users\David Geraldo\Desktop\penjualan\system\Database\BaseConnection.php(666): CodeIgniter\Database\BaseConnection->simpleQuery('SELECT trx_pric...')
#3 C:\Users\David Geraldo\Desktop\penjualan\app\Models\MsDashboard.php(36): CodeIgniter\Database\BaseConnection->query('SELECT trx_pric...')
#4 C:\Users\David Geraldo\Desktop\penjualan\app\Controllers\Dashboard.php(21): App\Models\MsDashboard->getGrafik()
#5 C:\Users\David Geraldo\Desktop\penjualan\system\CodeIgniter.php(910): App\Controllers\Dashboard->index()
#6 C:\Users\David Geraldo\Desktop\penjualan\system\CodeIgniter.php(398): CodeIgniter\CodeIgniter->runController(Object(App\Controllers\Dashboard))
#7 C:\Users\David Geraldo\Desktop\penjualan\system\CodeIgniter.php(306): CodeIgniter\CodeIgniter->handleRequest(NULL, Object(Config\Cache), false)
#8 C:\Users\David Geraldo\Desktop\penjualan\public\index.php(45): CodeIgniter\CodeIgniter->run()
#9 C:\Users\David Geraldo\Desktop\penjualan\system\Commands\Server\rewrite.php(34): require_once('C:\\Users\\David ...')
#10 {main}
CRITICAL - 2020-06-11 07:04:06 --> Expression #1 of SELECT list is not in GROUP BY clause and contains nonaggregated column 'penjualan.transactions.trx_price' which is not functionally dependent on columns in GROUP BY clause; this is incompatible with sql_mode=only_full_group_by
#0 C:\Users\David Geraldo\Desktop\penjualan\system\Database\MySQLi\Connection.php(330): mysqli->query('SELECT trx_pric...')
#1 C:\Users\David Geraldo\Desktop\penjualan\system\Database\BaseConnection.php(738): CodeIgniter\Database\MySQLi\Connection->execute('SELECT trx_pric...')
#2 C:\Users\David Geraldo\Desktop\penjualan\system\Database\BaseConnection.php(666): CodeIgniter\Database\BaseConnection->simpleQuery('SELECT trx_pric...')
#3 C:\Users\David Geraldo\Desktop\penjualan\app\Models\MsDashboard.php(36): CodeIgniter\Database\BaseConnection->query('SELECT trx_pric...')
#4 C:\Users\David Geraldo\Desktop\penjualan\app\Controllers\Dashboard.php(21): App\Models\MsDashboard->getGrafik()
#5 C:\Users\David Geraldo\Desktop\penjualan\system\CodeIgniter.php(910): App\Controllers\Dashboard->index()
#6 C:\Users\David Geraldo\Desktop\penjualan\system\CodeIgniter.php(398): CodeIgniter\CodeIgniter->runController(Object(App\Controllers\Dashboard))
#7 C:\Users\David Geraldo\Desktop\penjualan\system\CodeIgniter.php(306): CodeIgniter\CodeIgniter->handleRequest(NULL, Object(Config\Cache), false)
#8 C:\Users\David Geraldo\Desktop\penjualan\public\index.php(45): CodeIgniter\CodeIgniter->run()
#9 C:\Users\David Geraldo\Desktop\penjualan\system\Commands\Server\rewrite.php(34): require_once('C:\\Users\\David ...')
#10 {main}
CRITICAL - 2020-06-11 07:04:41 --> Expression #1 of SELECT list is not in GROUP BY clause and contains nonaggregated column 'penjualan.transactions.trx_price' which is not functionally dependent on columns in GROUP BY clause; this is incompatible with sql_mode=only_full_group_by
#0 C:\Users\David Geraldo\Desktop\penjualan\system\Database\MySQLi\Connection.php(330): mysqli->query('SELECT trx_pric...')
#1 C:\Users\David Geraldo\Desktop\penjualan\system\Database\BaseConnection.php(738): CodeIgniter\Database\MySQLi\Connection->execute('SELECT trx_pric...')
#2 C:\Users\David Geraldo\Desktop\penjualan\system\Database\BaseConnection.php(666): CodeIgniter\Database\BaseConnection->simpleQuery('SELECT trx_pric...')
#3 C:\Users\David Geraldo\Desktop\penjualan\app\Models\MsDashboard.php(36): CodeIgniter\Database\BaseConnection->query('SELECT trx_pric...')
#4 C:\Users\David Geraldo\Desktop\penjualan\app\Controllers\Dashboard.php(21): App\Models\MsDashboard->getGrafik()
#5 C:\Users\David Geraldo\Desktop\penjualan\system\CodeIgniter.php(910): App\Controllers\Dashboard->index()
#6 C:\Users\David Geraldo\Desktop\penjualan\system\CodeIgniter.php(398): CodeIgniter\CodeIgniter->runController(Object(App\Controllers\Dashboard))
#7 C:\Users\David Geraldo\Desktop\penjualan\system\CodeIgniter.php(306): CodeIgniter\CodeIgniter->handleRequest(NULL, Object(Config\Cache), false)
#8 C:\Users\David Geraldo\Desktop\penjualan\public\index.php(45): CodeIgniter\CodeIgniter->run()
#9 C:\Users\David Geraldo\Desktop\penjualan\system\Commands\Server\rewrite.php(34): require_once('C:\\Users\\David ...')
#10 {main}
CRITICAL - 2020-06-11 07:05:30 --> Invalid argument supplied for foreach()
#0 C:\Users\David Geraldo\Desktop\penjualan\app\Views\dashboard.php(108): CodeIgniter\Debug\Exceptions->errorHandler(2, 'Invalid argumen...', 'C:\\Users\\David ...', 108, Array)
#1 C:\Users\David Geraldo\Desktop\penjualan\system\View\View.php(236): include('C:\\Users\\David ...')
#2 C:\Users\David Geraldo\Desktop\penjualan\system\Common.php(1071): CodeIgniter\View\View->render('dashboard', Array, true)
#3 C:\Users\David Geraldo\Desktop\penjualan\app\Controllers\Dashboard.php(23): view('dashboard')
#4 C:\Users\David Geraldo\Desktop\penjualan\system\CodeIgniter.php(910): App\Controllers\Dashboard->index()
#5 C:\Users\David Geraldo\Desktop\penjualan\system\CodeIgniter.php(398): CodeIgniter\CodeIgniter->runController(Object(App\Controllers\Dashboard))
#6 C:\Users\David Geraldo\Desktop\penjualan\system\CodeIgniter.php(306): CodeIgniter\CodeIgniter->handleRequest(NULL, Object(Config\Cache), false)
#7 C:\Users\David Geraldo\Desktop\penjualan\public\index.php(45): CodeIgniter\CodeIgniter->run()
#8 C:\Users\David Geraldo\Desktop\penjualan\system\Commands\Server\rewrite.php(34): require_once('C:\\Users\\David ...')
#9 {main}
CRITICAL - 2020-06-11 07:05:44 --> Invalid argument supplied for foreach()
#0 C:\Users\David Geraldo\Desktop\penjualan\app\Views\dashboard.php(108): CodeIgniter\Debug\Exceptions->errorHandler(2, 'Invalid argumen...', 'C:\\Users\\David ...', 108, Array)
#1 C:\Users\David Geraldo\Desktop\penjualan\system\View\View.php(236): include('C:\\Users\\David ...')
#2 C:\Users\David Geraldo\Desktop\penjualan\system\Common.php(1071): CodeIgniter\View\View->render('dashboard', Array, true)
#3 C:\Users\David Geraldo\Desktop\penjualan\app\Controllers\Dashboard.php(23): view('dashboard')
#4 C:\Users\David Geraldo\Desktop\penjualan\system\CodeIgniter.php(910): App\Controllers\Dashboard->index()
#5 C:\Users\David Geraldo\Desktop\penjualan\system\CodeIgniter.php(398): CodeIgniter\CodeIgniter->runController(Object(App\Controllers\Dashboard))
#6 C:\Users\David Geraldo\Desktop\penjualan\system\CodeIgniter.php(306): CodeIgniter\CodeIgniter->handleRequest(NULL, Object(Config\Cache), false)
#7 C:\Users\David Geraldo\Desktop\penjualan\public\index.php(45): CodeIgniter\CodeIgniter->run()
#8 C:\Users\David Geraldo\Desktop\penjualan\system\Commands\Server\rewrite.php(34): require_once('C:\\Users\\David ...')
#9 {main}
CRITICAL - 2020-06-11 07:06:44 --> Invalid argument supplied for foreach()
#0 C:\Users\David Geraldo\Desktop\penjualan\app\Views\dashboard.php(108): CodeIgniter\Debug\Exceptions->errorHandler(2, 'Invalid argumen...', 'C:\\Users\\David ...', 108, Array)
#1 C:\Users\David Geraldo\Desktop\penjualan\system\View\View.php(236): include('C:\\Users\\David ...')
#2 C:\Users\David Geraldo\Desktop\penjualan\system\Common.php(1071): CodeIgniter\View\View->render('dashboard', Array, true)
#3 C:\Users\David Geraldo\Desktop\penjualan\app\Controllers\Dashboard.php(23): view('dashboard')
#4 C:\Users\David Geraldo\Desktop\penjualan\system\CodeIgniter.php(910): App\Controllers\Dashboard->index()
#5 C:\Users\David Geraldo\Desktop\penjualan\system\CodeIgniter.php(398): CodeIgniter\CodeIgniter->runController(Object(App\Controllers\Dashboard))
#6 C:\Users\David Geraldo\Desktop\penjualan\system\CodeIgniter.php(306): CodeIgniter\CodeIgniter->handleRequest(NULL, Object(Config\Cache), false)
#7 C:\Users\David Geraldo\Desktop\penjualan\public\index.php(45): CodeIgniter\CodeIgniter->run()
#8 C:\Users\David Geraldo\Desktop\penjualan\system\Commands\Server\rewrite.php(34): require_once('C:\\Users\\David ...')
#9 {main}
CRITICAL - 2020-06-11 07:06:46 --> Invalid argument supplied for foreach()
#0 C:\Users\David Geraldo\Desktop\penjualan\app\Views\dashboard.php(108): CodeIgniter\Debug\Exceptions->errorHandler(2, 'Invalid argumen...', 'C:\\Users\\David ...', 108, Array)
#1 C:\Users\David Geraldo\Desktop\penjualan\system\View\View.php(236): include('C:\\Users\\David ...')
#2 C:\Users\David Geraldo\Desktop\penjualan\system\Common.php(1071): CodeIgniter\View\View->render('dashboard', Array, true)
#3 C:\Users\David Geraldo\Desktop\penjualan\app\Controllers\Dashboard.php(23): view('dashboard')
#4 C:\Users\David Geraldo\Desktop\penjualan\system\CodeIgniter.php(910): App\Controllers\Dashboard->index()
#5 C:\Users\David Geraldo\Desktop\penjualan\system\CodeIgniter.php(398): CodeIgniter\CodeIgniter->runController(Object(App\Controllers\Dashboard))
#6 C:\Users\David Geraldo\Desktop\penjualan\system\CodeIgniter.php(306): CodeIgniter\CodeIgniter->handleRequest(NULL, Object(Config\Cache), false)
#7 C:\Users\David Geraldo\Desktop\penjualan\public\index.php(45): CodeIgniter\CodeIgniter->run()
#8 C:\Users\David Geraldo\Desktop\penjualan\system\Commands\Server\rewrite.php(34): require_once('C:\\Users\\David ...')
#9 {main}
CRITICAL - 2020-06-11 07:10:44 --> Invalid argument supplied for foreach()
#0 C:\Users\David Geraldo\Desktop\penjualan\app\Views\dashboard.php(108): CodeIgniter\Debug\Exceptions->errorHandler(2, 'Invalid argumen...', 'C:\\Users\\David ...', 108, Array)
#1 C:\Users\David Geraldo\Desktop\penjualan\system\View\View.php(236): include('C:\\Users\\David ...')
#2 C:\Users\David Geraldo\Desktop\penjualan\system\Common.php(1071): CodeIgniter\View\View->render('dashboard', Array, true)
#3 C:\Users\David Geraldo\Desktop\penjualan\app\Controllers\Dashboard.php(23): view('dashboard')
#4 C:\Users\David Geraldo\Desktop\penjualan\system\CodeIgniter.php(910): App\Controllers\Dashboard->index()
#5 C:\Users\David Geraldo\Desktop\penjualan\system\CodeIgniter.php(398): CodeIgniter\CodeIgniter->runController(Object(App\Controllers\Dashboard))
#6 C:\Users\David Geraldo\Desktop\penjualan\system\CodeIgniter.php(306): CodeIgniter\CodeIgniter->handleRequest(NULL, Object(Config\Cache), false)
#7 C:\Users\David Geraldo\Desktop\penjualan\public\index.php(45): CodeIgniter\CodeIgniter->run()
#8 C:\Users\David Geraldo\Desktop\penjualan\system\Commands\Server\rewrite.php(34): require_once('C:\\Users\\David ...')
#9 {main}
CRITICAL - 2020-06-11 07:11:58 --> syntax error, unexpected end of file, expecting ',' or ';'
#0 C:\Users\David Geraldo\Desktop\penjualan\system\Common.php(1071): CodeIgniter\View\View->render('dashboard', Array, true)
#1 C:\Users\David Geraldo\Desktop\penjualan\app\Controllers\Dashboard.php(23): view('dashboard')
#2 C:\Users\David Geraldo\Desktop\penjualan\system\CodeIgniter.php(910): App\Controllers\Dashboard->index()
#3 C:\Users\David Geraldo\Desktop\penjualan\system\CodeIgniter.php(398): CodeIgniter\CodeIgniter->runController(Object(App\Controllers\Dashboard))
#4 C:\Users\David Geraldo\Desktop\penjualan\system\CodeIgniter.php(306): CodeIgniter\CodeIgniter->handleRequest(NULL, Object(Config\Cache), false)
#5 C:\Users\David Geraldo\Desktop\penjualan\public\index.php(45): CodeIgniter\CodeIgniter->run()
#6 C:\Users\David Geraldo\Desktop\penjualan\system\Commands\Server\rewrite.php(34): require_once('C:\\Users\\David ...')
#7 {main}
CRITICAL - 2020-06-11 07:13:19 --> Invalid argument supplied for foreach()
#0 C:\Users\David Geraldo\Desktop\penjualan\app\Views\dashboard.php(108): CodeIgniter\Debug\Exceptions->errorHandler(2, 'Invalid argumen...', 'C:\\Users\\David ...', 108, Array)
#1 C:\Users\David Geraldo\Desktop\penjualan\system\View\View.php(236): include('C:\\Users\\David ...')
#2 C:\Users\David Geraldo\Desktop\penjualan\system\Common.php(1071): CodeIgniter\View\View->render('dashboard', Array, true)
#3 C:\Users\David Geraldo\Desktop\penjualan\app\Controllers\Dashboard.php(23): view('dashboard')
#4 C:\Users\David Geraldo\Desktop\penjualan\system\CodeIgniter.php(910): App\Controllers\Dashboard->index()
#5 C:\Users\David Geraldo\Desktop\penjualan\system\CodeIgniter.php(398): CodeIgniter\CodeIgniter->runController(Object(App\Controllers\Dashboard))
#6 C:\Users\David Geraldo\Desktop\penjualan\system\CodeIgniter.php(306): CodeIgniter\CodeIgniter->handleRequest(NULL, Object(Config\Cache), false)
#7 C:\Users\David Geraldo\Desktop\penjualan\public\index.php(45): CodeIgniter\CodeIgniter->run()
#8 C:\Users\David Geraldo\Desktop\penjualan\system\Commands\Server\rewrite.php(34): require_once('C:\\Users\\David ...')
#9 {main}
CRITICAL - 2020-06-11 07:14:05 --> Invalid argument supplied for foreach()
#0 C:\Users\David Geraldo\Desktop\penjualan\app\Views\dashboard.php(108): CodeIgniter\Debug\Exceptions->errorHandler(2, 'Invalid argumen...', 'C:\\Users\\David ...', 108, Array)
#1 C:\Users\David Geraldo\Desktop\penjualan\system\View\View.php(236): include('C:\\Users\\David ...')
#2 C:\Users\David Geraldo\Desktop\penjualan\system\Common.php(1071): CodeIgniter\View\View->render('dashboard', Array, true)
#3 C:\Users\David Geraldo\Desktop\penjualan\app\Controllers\Dashboard.php(23): view('dashboard')
#4 C:\Users\David Geraldo\Desktop\penjualan\system\CodeIgniter.php(910): App\Controllers\Dashboard->index()
#5 C:\Users\David Geraldo\Desktop\penjualan\system\CodeIgniter.php(398): CodeIgniter\CodeIgniter->runController(Object(App\Controllers\Dashboard))
#6 C:\Users\David Geraldo\Desktop\penjualan\system\CodeIgniter.php(306): CodeIgniter\CodeIgniter->handleRequest(NULL, Object(Config\Cache), false)
#7 C:\Users\David Geraldo\Desktop\penjualan\public\index.php(45): CodeIgniter\CodeIgniter->run()
#8 C:\Users\David Geraldo\Desktop\penjualan\system\Commands\Server\rewrite.php(34): require_once('C:\\Users\\David ...')
#9 {main}
CRITICAL - 2020-06-11 07:14:47 --> Invalid argument supplied for foreach()
#0 C:\Users\David Geraldo\Desktop\penjualan\app\Views\dashboard.php(108): CodeIgniter\Debug\Exceptions->errorHandler(2, 'Invalid argumen...', 'C:\\Users\\David ...', 108, Array)
#1 C:\Users\David Geraldo\Desktop\penjualan\system\View\View.php(236): include('C:\\Users\\David ...')
#2 C:\Users\David Geraldo\Desktop\penjualan\system\Common.php(1071): CodeIgniter\View\View->render('dashboard', Array, true)
#3 C:\Users\David Geraldo\Desktop\penjualan\app\Controllers\Dashboard.php(23): view('dashboard')
#4 C:\Users\David Geraldo\Desktop\penjualan\system\CodeIgniter.php(910): App\Controllers\Dashboard->index()
#5 C:\Users\David Geraldo\Desktop\penjualan\system\CodeIgniter.php(398): CodeIgniter\CodeIgniter->runController(Object(App\Controllers\Dashboard))
#6 C:\Users\David Geraldo\Desktop\penjualan\system\CodeIgniter.php(306): CodeIgniter\CodeIgniter->handleRequest(NULL, Object(Config\Cache), false)
#7 C:\Users\David Geraldo\Desktop\penjualan\public\index.php(45): CodeIgniter\CodeIgniter->run()
#8 C:\Users\David Geraldo\Desktop\penjualan\system\Commands\Server\rewrite.php(34): require_once('C:\\Users\\David ...')
#9 {main}
CRITICAL - 2020-06-11 07:15:08 --> Invalid argument supplied for foreach()
#0 C:\Users\David Geraldo\Desktop\penjualan\app\Views\dashboard.php(108): CodeIgniter\Debug\Exceptions->errorHandler(2, 'Invalid argumen...', 'C:\\Users\\David ...', 108, Array)
#1 C:\Users\David Geraldo\Desktop\penjualan\system\View\View.php(236): include('C:\\Users\\David ...')
#2 C:\Users\David Geraldo\Desktop\penjualan\system\Common.php(1071): CodeIgniter\View\View->render('dashboard', Array, true)
#3 C:\Users\David Geraldo\Desktop\penjualan\app\Controllers\Dashboard.php(23): view('dashboard')
#4 C:\Users\David Geraldo\Desktop\penjualan\system\CodeIgniter.php(910): App\Controllers\Dashboard->index()
#5 C:\Users\David Geraldo\Desktop\penjualan\system\CodeIgniter.php(398): CodeIgniter\CodeIgniter->runController(Object(App\Controllers\Dashboard))
#6 C:\Users\David Geraldo\Desktop\penjualan\system\CodeIgniter.php(306): CodeIgniter\CodeIgniter->handleRequest(NULL, Object(Config\Cache), false)
#7 C:\Users\David Geraldo\Desktop\penjualan\public\index.php(45): CodeIgniter\CodeIgniter->run()
#8 C:\Users\David Geraldo\Desktop\penjualan\system\Commands\Server\rewrite.php(34): require_once('C:\\Users\\David ...')
#9 {main}
CRITICAL - 2020-06-11 07:24:05 --> Invalid argument supplied for foreach()
#0 C:\Users\David Geraldo\Desktop\penjualan\app\Views\dashboard.php(108): CodeIgniter\Debug\Exceptions->errorHandler(2, 'Invalid argumen...', 'C:\\Users\\David ...', 108, Array)
#1 C:\Users\David Geraldo\Desktop\penjualan\system\View\View.php(236): include('C:\\Users\\David ...')
#2 C:\Users\David Geraldo\Desktop\penjualan\system\Common.php(1071): CodeIgniter\View\View->render('dashboard', Array, true)
#3 C:\Users\David Geraldo\Desktop\penjualan\app\Controllers\Dashboard.php(23): view('dashboard')
#4 C:\Users\David Geraldo\Desktop\penjualan\system\CodeIgniter.php(910): App\Controllers\Dashboard->index()
#5 C:\Users\David Geraldo\Desktop\penjualan\system\CodeIgniter.php(398): CodeIgniter\CodeIgniter->runController(Object(App\Controllers\Dashboard))
#6 C:\Users\David Geraldo\Desktop\penjualan\system\CodeIgniter.php(306): CodeIgniter\CodeIgniter->handleRequest(NULL, Object(Config\Cache), false)
#7 C:\Users\David Geraldo\Desktop\penjualan\public\index.php(45): CodeIgniter\CodeIgniter->run()
#8 C:\Users\David Geraldo\Desktop\penjualan\system\Commands\Server\rewrite.php(34): require_once('C:\\Users\\David ...')
#9 {main}
CRITICAL - 2020-06-11 07:24:10 --> Invalid argument supplied for foreach()
#0 C:\Users\David Geraldo\Desktop\penjualan\app\Views\dashboard.php(108): CodeIgniter\Debug\Exceptions->errorHandler(2, 'Invalid argumen...', 'C:\\Users\\David ...', 108, Array)
#1 C:\Users\David Geraldo\Desktop\penjualan\system\View\View.php(236): include('C:\\Users\\David ...')
#2 C:\Users\David Geraldo\Desktop\penjualan\system\Common.php(1071): CodeIgniter\View\View->render('dashboard', Array, true)
#3 C:\Users\David Geraldo\Desktop\penjualan\app\Controllers\Dashboard.php(23): view('dashboard')
#4 C:\Users\David Geraldo\Desktop\penjualan\system\CodeIgniter.php(910): App\Controllers\Dashboard->index()
#5 C:\Users\David Geraldo\Desktop\penjualan\system\CodeIgniter.php(398): CodeIgniter\CodeIgniter->runController(Object(App\Controllers\Dashboard))
#6 C:\Users\David Geraldo\Desktop\penjualan\system\CodeIgniter.php(306): CodeIgniter\CodeIgniter->handleRequest(NULL, Object(Config\Cache), false)
#7 C:\Users\David Geraldo\Desktop\penjualan\public\index.php(45): CodeIgniter\CodeIgniter->run()
#8 C:\Users\David Geraldo\Desktop\penjualan\system\Commands\Server\rewrite.php(34): require_once('C:\\Users\\David ...')
#9 {main}
CRITICAL - 2020-06-11 07:24:12 --> Invalid argument supplied for foreach()
#0 C:\Users\David Geraldo\Desktop\penjualan\app\Views\dashboard.php(108): CodeIgniter\Debug\Exceptions->errorHandler(2, 'Invalid argumen...', 'C:\\Users\\David ...', 108, Array)
#1 C:\Users\David Geraldo\Desktop\penjualan\system\View\View.php(236): include('C:\\Users\\David ...')
#2 C:\Users\David Geraldo\Desktop\penjualan\system\Common.php(1071): CodeIgniter\View\View->render('dashboard', Array, true)
#3 C:\Users\David Geraldo\Desktop\penjualan\app\Controllers\Dashboard.php(23): view('dashboard')
#4 C:\Users\David Geraldo\Desktop\penjualan\system\CodeIgniter.php(910): App\Controllers\Dashboard->index()
#5 C:\Users\David Geraldo\Desktop\penjualan\system\CodeIgniter.php(398): CodeIgniter\CodeIgniter->runController(Object(App\Controllers\Dashboard))
#6 C:\Users\David Geraldo\Desktop\penjualan\system\CodeIgniter.php(306): CodeIgniter\CodeIgniter->handleRequest(NULL, Object(Config\Cache), false)
#7 C:\Users\David Geraldo\Desktop\penjualan\public\index.php(45): CodeIgniter\CodeIgniter->run()
#8 C:\Users\David Geraldo\Desktop\penjualan\system\Commands\Server\rewrite.php(34): require_once('C:\\Users\\David ...')
#9 {main}
CRITICAL - 2020-06-11 07:24:14 --> Invalid argument supplied for foreach()
#0 C:\Users\David Geraldo\Desktop\penjualan\app\Views\dashboard.php(108): CodeIgniter\Debug\Exceptions->errorHandler(2, 'Invalid argumen...', 'C:\\Users\\David ...', 108, Array)
#1 C:\Users\David Geraldo\Desktop\penjualan\system\View\View.php(236): include('C:\\Users\\David ...')
#2 C:\Users\David Geraldo\Desktop\penjualan\system\Common.php(1071): CodeIgniter\View\View->render('dashboard', Array, true)
#3 C:\Users\David Geraldo\Desktop\penjualan\app\Controllers\Dashboard.php(23): view('dashboard')
#4 C:\Users\David Geraldo\Desktop\penjualan\system\CodeIgniter.php(910): App\Controllers\Dashboard->index()
#5 C:\Users\David Geraldo\Desktop\penjualan\system\CodeIgniter.php(398): CodeIgniter\CodeIgniter->runController(Object(App\Controllers\Dashboard))
#6 C:\Users\David Geraldo\Desktop\penjualan\system\CodeIgniter.php(306): CodeIgniter\CodeIgniter->handleRequest(NULL, Object(Config\Cache), false)
#7 C:\Users\David Geraldo\Desktop\penjualan\public\index.php(45): CodeIgniter\CodeIgniter->run()
#8 C:\Users\David Geraldo\Desktop\penjualan\system\Commands\Server\rewrite.php(34): require_once('C:\\Users\\David ...')
#9 {main}
CRITICAL - 2020-06-11 07:25:05 --> Invalid argument supplied for foreach()
#0 C:\Users\David Geraldo\Desktop\penjualan\app\Views\dashboard.php(108): CodeIgniter\Debug\Exceptions->errorHandler(2, 'Invalid argumen...', 'C:\\Users\\David ...', 108, Array)
#1 C:\Users\David Geraldo\Desktop\penjualan\system\View\View.php(236): include('C:\\Users\\David ...')
#2 C:\Users\David Geraldo\Desktop\penjualan\system\Common.php(1071): CodeIgniter\View\View->render('dashboard', Array, true)
#3 C:\Users\David Geraldo\Desktop\penjualan\app\Controllers\Dashboard.php(23): view('dashboard')
#4 C:\Users\David Geraldo\Desktop\penjualan\system\CodeIgniter.php(910): App\Controllers\Dashboard->index()
#5 C:\Users\David Geraldo\Desktop\penjualan\system\CodeIgniter.php(398): CodeIgniter\CodeIgniter->runController(Object(App\Controllers\Dashboard))
#6 C:\Users\David Geraldo\Desktop\penjualan\system\CodeIgniter.php(306): CodeIgniter\CodeIgniter->handleRequest(NULL, Object(Config\Cache), false)
#7 C:\Users\David Geraldo\Desktop\penjualan\public\index.php(45): CodeIgniter\CodeIgniter->run()
#8 C:\Users\David Geraldo\Desktop\penjualan\system\Commands\Server\rewrite.php(34): require_once('C:\\Users\\David ...')
#9 {main}
CRITICAL - 2020-06-11 07:29:34 --> Expression #1 of SELECT list is not in GROUP BY clause and contains nonaggregated column 'penjualan.transactions.trx_price' which is not functionally dependent on columns in GROUP BY clause; this is incompatible with sql_mode=only_full_group_by
#0 C:\Users\David Geraldo\Desktop\penjualan\system\Database\MySQLi\Connection.php(330): mysqli->query('SELECT trx_pric...')
#1 C:\Users\David Geraldo\Desktop\penjualan\system\Database\BaseConnection.php(738): CodeIgniter\Database\MySQLi\Connection->execute('SELECT trx_pric...')
#2 C:\Users\David Geraldo\Desktop\penjualan\system\Database\BaseConnection.php(666): CodeIgniter\Database\BaseConnection->simpleQuery('SELECT trx_pric...')
#3 C:\Users\David Geraldo\Desktop\penjualan\app\Models\MsDashboard.php(36): CodeIgniter\Database\BaseConnection->query('SELECT trx_pric...')
#4 C:\Users\David Geraldo\Desktop\penjualan\app\Controllers\Dashboard.php(21): App\Models\MsDashboard->getGrafik()
#5 C:\Users\David Geraldo\Desktop\penjualan\system\CodeIgniter.php(910): App\Controllers\Dashboard->index()
#6 C:\Users\David Geraldo\Desktop\penjualan\system\CodeIgniter.php(398): CodeIgniter\CodeIgniter->runController(Object(App\Controllers\Dashboard))
#7 C:\Users\David Geraldo\Desktop\penjualan\system\CodeIgniter.php(306): CodeIgniter\CodeIgniter->handleRequest(NULL, Object(Config\Cache), false)
#8 C:\Users\David Geraldo\Desktop\penjualan\public\index.php(45): CodeIgniter\CodeIgniter->run()
#9 C:\Users\David Geraldo\Desktop\penjualan\system\Commands\Server\rewrite.php(34): require_once('C:\\Users\\David ...')
#10 {main}
CRITICAL - 2020-06-11 07:29:57 --> Expression #1 of SELECT list is not in GROUP BY clause and contains nonaggregated column 'penjualan.transactions.trx_price' which is not functionally dependent on columns in GROUP BY clause; this is incompatible with sql_mode=only_full_group_by
#0 C:\Users\David Geraldo\Desktop\penjualan\system\Database\MySQLi\Connection.php(330): mysqli->query('SELECT trx_pric...')
#1 C:\Users\David Geraldo\Desktop\penjualan\system\Database\BaseConnection.php(738): CodeIgniter\Database\MySQLi\Connection->execute('SELECT trx_pric...')
#2 C:\Users\David Geraldo\Desktop\penjualan\system\Database\BaseConnection.php(666): CodeIgniter\Database\BaseConnection->simpleQuery('SELECT trx_pric...')
#3 C:\Users\David Geraldo\Desktop\penjualan\app\Models\MsDashboard.php(36): CodeIgniter\Database\BaseConnection->query('SELECT trx_pric...')
#4 C:\Users\David Geraldo\Desktop\penjualan\app\Controllers\Dashboard.php(21): App\Models\MsDashboard->getGrafik()
#5 C:\Users\David Geraldo\Desktop\penjualan\system\CodeIgniter.php(910): App\Controllers\Dashboard->index()
#6 C:\Users\David Geraldo\Desktop\penjualan\system\CodeIgniter.php(398): CodeIgniter\CodeIgniter->runController(Object(App\Controllers\Dashboard))
#7 C:\Users\David Geraldo\Desktop\penjualan\system\CodeIgniter.php(306): CodeIgniter\CodeIgniter->handleRequest(NULL, Object(Config\Cache), false)
#8 C:\Users\David Geraldo\Desktop\penjualan\public\index.php(45): CodeIgniter\CodeIgniter->run()
#9 C:\Users\David Geraldo\Desktop\penjualan\system\Commands\Server\rewrite.php(34): require_once('C:\\Users\\David ...')
#10 {main}
CRITICAL - 2020-06-11 07:30:46 --> Expression #1 of SELECT list is not in GROUP BY clause and contains nonaggregated column 'penjualan.transactions.trx_price' which is not functionally dependent on columns in GROUP BY clause; this is incompatible with sql_mode=only_full_group_by
#0 C:\Users\David Geraldo\Desktop\penjualan\system\Database\MySQLi\Connection.php(330): mysqli->query('SELECT trx_pric...')
#1 C:\Users\David Geraldo\Desktop\penjualan\system\Database\BaseConnection.php(738): CodeIgniter\Database\MySQLi\Connection->execute('SELECT trx_pric...')
#2 C:\Users\David Geraldo\Desktop\penjualan\system\Database\BaseConnection.php(666): CodeIgniter\Database\BaseConnection->simpleQuery('SELECT trx_pric...')
#3 C:\Users\David Geraldo\Desktop\penjualan\app\Models\MsDashboard.php(36): CodeIgniter\Database\BaseConnection->query('SELECT trx_pric...')
#4 C:\Users\David Geraldo\Desktop\penjualan\app\Controllers\Dashboard.php(21): App\Models\MsDashboard->getGrafik()
#5 C:\Users\David Geraldo\Desktop\penjualan\system\CodeIgniter.php(910): App\Controllers\Dashboard->index()
#6 C:\Users\David Geraldo\Desktop\penjualan\system\CodeIgniter.php(398): CodeIgniter\CodeIgniter->runController(Object(App\Controllers\Dashboard))
#7 C:\Users\David Geraldo\Desktop\penjualan\system\CodeIgniter.php(306): CodeIgniter\CodeIgniter->handleRequest(NULL, Object(Config\Cache), false)
#8 C:\Users\David Geraldo\Desktop\penjualan\public\index.php(45): CodeIgniter\CodeIgniter->run()
#9 C:\Users\David Geraldo\Desktop\penjualan\system\Commands\Server\rewrite.php(34): require_once('C:\\Users\\David ...')
#10 {main}
CRITICAL - 2020-06-11 07:32:17 --> Expression #1 of SELECT list is not in GROUP BY clause and contains nonaggregated column 'penjualan.transactions.trx_price' which is not functionally dependent on columns in GROUP BY clause; this is incompatible with sql_mode=only_full_group_by
#0 C:\Users\David Geraldo\Desktop\penjualan\system\Database\MySQLi\Connection.php(330): mysqli->query('SELECT trx_pric...')
#1 C:\Users\David Geraldo\Desktop\penjualan\system\Database\BaseConnection.php(738): CodeIgniter\Database\MySQLi\Connection->execute('SELECT trx_pric...')
#2 C:\Users\David Geraldo\Desktop\penjualan\system\Database\BaseConnection.php(666): CodeIgniter\Database\BaseConnection->simpleQuery('SELECT trx_pric...')
#3 C:\Users\David Geraldo\Desktop\penjualan\app\Models\MsDashboard.php(36): CodeIgniter\Database\BaseConnection->query('SELECT trx_pric...')
#4 C:\Users\David Geraldo\Desktop\penjualan\app\Controllers\Dashboard.php(21): App\Models\MsDashboard->getGrafik()
#5 C:\Users\David Geraldo\Desktop\penjualan\system\CodeIgniter.php(910): App\Controllers\Dashboard->index()
#6 C:\Users\David Geraldo\Desktop\penjualan\system\CodeIgniter.php(398): CodeIgniter\CodeIgniter->runController(Object(App\Controllers\Dashboard))
#7 C:\Users\David Geraldo\Desktop\penjualan\system\CodeIgniter.php(306): CodeIgniter\CodeIgniter->handleRequest(NULL, Object(Config\Cache), false)
#8 C:\Users\David Geraldo\Desktop\penjualan\public\index.php(45): CodeIgniter\CodeIgniter->run()
#9 C:\Users\David Geraldo\Desktop\penjualan\system\Commands\Server\rewrite.php(34): require_once('C:\\Users\\David ...')
#10 {main}
CRITICAL - 2020-06-11 07:33:15 --> Expression #1 of SELECT list is not in GROUP BY clause and contains nonaggregated column 'penjualan.transactions.trx_price' which is not functionally dependent on columns in GROUP BY clause; this is incompatible with sql_mode=only_full_group_by
#0 C:\Users\David Geraldo\Desktop\penjualan\system\Database\MySQLi\Connection.php(330): mysqli->query('SELECT trx_pric...')
#1 C:\Users\David Geraldo\Desktop\penjualan\system\Database\BaseConnection.php(738): CodeIgniter\Database\MySQLi\Connection->execute('SELECT trx_pric...')
#2 C:\Users\David Geraldo\Desktop\penjualan\system\Database\BaseConnection.php(666): CodeIgniter\Database\BaseConnection->simpleQuery('SELECT trx_pric...')
#3 C:\Users\David Geraldo\Desktop\penjualan\app\Models\MsDashboard.php(36): CodeIgniter\Database\BaseConnection->query('SELECT trx_pric...')
#4 C:\Users\David Geraldo\Desktop\penjualan\app\Controllers\Dashboard.php(21): App\Models\MsDashboard->getGrafik()
#5 C:\Users\David Geraldo\Desktop\penjualan\system\CodeIgniter.php(910): App\Controllers\Dashboard->index()
#6 C:\Users\David Geraldo\Desktop\penjualan\system\CodeIgniter.php(398): CodeIgniter\CodeIgniter->runController(Object(App\Controllers\Dashboard))
#7 C:\Users\David Geraldo\Desktop\penjualan\system\CodeIgniter.php(306): CodeIgniter\CodeIgniter->handleRequest(NULL, Object(Config\Cache), false)
#8 C:\Users\David Geraldo\Desktop\penjualan\public\index.php(45): CodeIgniter\CodeIgniter->run()
#9 C:\Users\David Geraldo\Desktop\penjualan\system\Commands\Server\rewrite.php(34): require_once('C:\\Users\\David ...')
#10 {main}
CRITICAL - 2020-06-11 07:33:18 --> Expression #1 of SELECT list is not in GROUP BY clause and contains nonaggregated column 'penjualan.transactions.trx_price' which is not functionally dependent on columns in GROUP BY clause; this is incompatible with sql_mode=only_full_group_by
#0 C:\Users\David Geraldo\Desktop\penjualan\system\Database\MySQLi\Connection.php(330): mysqli->query('SELECT trx_pric...')
#1 C:\Users\David Geraldo\Desktop\penjualan\system\Database\BaseConnection.php(738): CodeIgniter\Database\MySQLi\Connection->execute('SELECT trx_pric...')
#2 C:\Users\David Geraldo\Desktop\penjualan\system\Database\BaseConnection.php(666): CodeIgniter\Database\BaseConnection->simpleQuery('SELECT trx_pric...')
#3 C:\Users\David Geraldo\Desktop\penjualan\app\Models\MsDashboard.php(36): CodeIgniter\Database\BaseConnection->query('SELECT trx_pric...')
#4 C:\Users\David Geraldo\Desktop\penjualan\app\Controllers\Dashboard.php(21): App\Models\MsDashboard->getGrafik()
#5 C:\Users\David Geraldo\Desktop\penjualan\system\CodeIgniter.php(910): App\Controllers\Dashboard->index()
#6 C:\Users\David Geraldo\Desktop\penjualan\system\CodeIgniter.php(398): CodeIgniter\CodeIgniter->runController(Object(App\Controllers\Dashboard))
#7 C:\Users\David Geraldo\Desktop\penjualan\system\CodeIgniter.php(306): CodeIgniter\CodeIgniter->handleRequest(NULL, Object(Config\Cache), false)
#8 C:\Users\David Geraldo\Desktop\penjualan\public\index.php(45): CodeIgniter\CodeIgniter->run()
#9 C:\Users\David Geraldo\Desktop\penjualan\system\Commands\Server\rewrite.php(34): require_once('C:\\Users\\David ...')
#10 {main}
CRITICAL - 2020-06-11 07:33:23 --> Expression #1 of SELECT list is not in GROUP BY clause and contains nonaggregated column 'penjualan.transactions.trx_price' which is not functionally dependent on columns in GROUP BY clause; this is incompatible with sql_mode=only_full_group_by
#0 C:\Users\David Geraldo\Desktop\penjualan\system\Database\MySQLi\Connection.php(330): mysqli->query('SELECT trx_pric...')
#1 C:\Users\David Geraldo\Desktop\penjualan\system\Database\BaseConnection.php(738): CodeIgniter\Database\MySQLi\Connection->execute('SELECT trx_pric...')
#2 C:\Users\David Geraldo\Desktop\penjualan\system\Database\BaseConnection.php(666): CodeIgniter\Database\BaseConnection->simpleQuery('SELECT trx_pric...')
#3 C:\Users\David Geraldo\Desktop\penjualan\app\Models\MsDashboard.php(36): CodeIgniter\Database\BaseConnection->query('SELECT trx_pric...')
#4 C:\Users\David Geraldo\Desktop\penjualan\app\Controllers\Dashboard.php(21): App\Models\MsDashboard->getGrafik()
#5 C:\Users\David Geraldo\Desktop\penjualan\system\CodeIgniter.php(910): App\Controllers\Dashboard->index()
#6 C:\Users\David Geraldo\Desktop\penjualan\system\CodeIgniter.php(398): CodeIgniter\CodeIgniter->runController(Object(App\Controllers\Dashboard))
#7 C:\Users\David Geraldo\Desktop\penjualan\system\CodeIgniter.php(306): CodeIgniter\CodeIgniter->handleRequest(NULL, Object(Config\Cache), false)
#8 C:\Users\David Geraldo\Desktop\penjualan\public\index.php(45): CodeIgniter\CodeIgniter->run()
#9 C:\Users\David Geraldo\Desktop\penjualan\system\Commands\Server\rewrite.php(34): require_once('C:\\Users\\David ...')
#10 {main}
CRITICAL - 2020-06-11 07:33:24 --> Expression #1 of SELECT list is not in GROUP BY clause and contains nonaggregated column 'penjualan.transactions.trx_price' which is not functionally dependent on columns in GROUP BY clause; this is incompatible with sql_mode=only_full_group_by
#0 C:\Users\David Geraldo\Desktop\penjualan\system\Database\MySQLi\Connection.php(330): mysqli->query('SELECT trx_pric...')
#1 C:\Users\David Geraldo\Desktop\penjualan\system\Database\BaseConnection.php(738): CodeIgniter\Database\MySQLi\Connection->execute('SELECT trx_pric...')
#2 C:\Users\David Geraldo\Desktop\penjualan\system\Database\BaseConnection.php(666): CodeIgniter\Database\BaseConnection->simpleQuery('SELECT trx_pric...')
#3 C:\Users\David Geraldo\Desktop\penjualan\app\Models\MsDashboard.php(36): CodeIgniter\Database\BaseConnection->query('SELECT trx_pric...')
#4 C:\Users\David Geraldo\Desktop\penjualan\app\Controllers\Dashboard.php(21): App\Models\MsDashboard->getGrafik()
#5 C:\Users\David Geraldo\Desktop\penjualan\system\CodeIgniter.php(910): App\Controllers\Dashboard->index()
#6 C:\Users\David Geraldo\Desktop\penjualan\system\CodeIgniter.php(398): CodeIgniter\CodeIgniter->runController(Object(App\Controllers\Dashboard))
#7 C:\Users\David Geraldo\Desktop\penjualan\system\CodeIgniter.php(306): CodeIgniter\CodeIgniter->handleRequest(NULL, Object(Config\Cache), false)
#8 C:\Users\David Geraldo\Desktop\penjualan\public\index.php(45): CodeIgniter\CodeIgniter->run()
#9 C:\Users\David Geraldo\Desktop\penjualan\system\Commands\Server\rewrite.php(34): require_once('C:\\Users\\David ...')
#10 {main}
CRITICAL - 2020-06-11 07:33:28 --> Expression #1 of SELECT list is not in GROUP BY clause and contains nonaggregated column 'penjualan.transactions.trx_price' which is not functionally dependent on columns in GROUP BY clause; this is incompatible with sql_mode=only_full_group_by
#0 C:\Users\David Geraldo\Desktop\penjualan\system\Database\MySQLi\Connection.php(330): mysqli->query('SELECT trx_pric...')
#1 C:\Users\David Geraldo\Desktop\penjualan\system\Database\BaseConnection.php(738): CodeIgniter\Database\MySQLi\Connection->execute('SELECT trx_pric...')
#2 C:\Users\David Geraldo\Desktop\penjualan\system\Database\BaseConnection.php(666): CodeIgniter\Database\BaseConnection->simpleQuery('SELECT trx_pric...')
#3 C:\Users\David Geraldo\Desktop\penjualan\app\Models\MsDashboard.php(36): CodeIgniter\Database\BaseConnection->query('SELECT trx_pric...')
#4 C:\Users\David Geraldo\Desktop\penjualan\app\Controllers\Dashboard.php(21): App\Models\MsDashboard->getGrafik()
#5 C:\Users\David Geraldo\Desktop\penjualan\system\CodeIgniter.php(910): App\Controllers\Dashboard->index()
#6 C:\Users\David Geraldo\Desktop\penjualan\system\CodeIgniter.php(398): CodeIgniter\CodeIgniter->runController(Object(App\Controllers\Dashboard))
#7 C:\Users\David Geraldo\Desktop\penjualan\system\CodeIgniter.php(306): CodeIgniter\CodeIgniter->handleRequest(NULL, Object(Config\Cache), false)
#8 C:\Users\David Geraldo\Desktop\penjualan\public\index.php(45): CodeIgniter\CodeIgniter->run()
#9 C:\Users\David Geraldo\Desktop\penjualan\system\Commands\Server\rewrite.php(34): require_once('C:\\Users\\David ...')
#10 {main}
CRITICAL - 2020-06-11 07:33:31 --> Expression #1 of SELECT list is not in GROUP BY clause and contains nonaggregated column 'penjualan.transactions.trx_price' which is not functionally dependent on columns in GROUP BY clause; this is incompatible with sql_mode=only_full_group_by
#0 C:\Users\David Geraldo\Desktop\penjualan\system\Database\MySQLi\Connection.php(330): mysqli->query('SELECT trx_pric...')
#1 C:\Users\David Geraldo\Desktop\penjualan\system\Database\BaseConnection.php(738): CodeIgniter\Database\MySQLi\Connection->execute('SELECT trx_pric...')
#2 C:\Users\David Geraldo\Desktop\penjualan\system\Database\BaseConnection.php(666): CodeIgniter\Database\BaseConnection->simpleQuery('SELECT trx_pric...')
#3 C:\Users\David Geraldo\Desktop\penjualan\app\Models\MsDashboard.php(36): CodeIgniter\Database\BaseConnection->query('SELECT trx_pric...')
#4 C:\Users\David Geraldo\Desktop\penjualan\app\Controllers\Dashboard.php(21): App\Models\MsDashboard->getGrafik()
#5 C:\Users\David Geraldo\Desktop\penjualan\system\CodeIgniter.php(910): App\Controllers\Dashboard->index()
#6 C:\Users\David Geraldo\Desktop\penjualan\system\CodeIgniter.php(398): CodeIgniter\CodeIgniter->runController(Object(App\Controllers\Dashboard))
#7 C:\Users\David Geraldo\Desktop\penjualan\system\CodeIgniter.php(306): CodeIgniter\CodeIgniter->handleRequest(NULL, Object(Config\Cache), false)
#8 C:\Users\David Geraldo\Desktop\penjualan\public\index.php(45): CodeIgniter\CodeIgniter->run()
#9 C:\Users\David Geraldo\Desktop\penjualan\system\Commands\Server\rewrite.php(34): require_once('C:\\Users\\David ...')
#10 {main}
CRITICAL - 2020-06-11 07:33:38 --> Expression #1 of SELECT list is not in GROUP BY clause and contains nonaggregated column 'penjualan.transactions.trx_price' which is not functionally dependent on columns in GROUP BY clause; this is incompatible with sql_mode=only_full_group_by
#0 C:\Users\David Geraldo\Desktop\penjualan\system\Database\MySQLi\Connection.php(330): mysqli->query('SELECT trx_pric...')
#1 C:\Users\David Geraldo\Desktop\penjualan\system\Database\BaseConnection.php(738): CodeIgniter\Database\MySQLi\Connection->execute('SELECT trx_pric...')
#2 C:\Users\David Geraldo\Desktop\penjualan\system\Database\BaseConnection.php(666): CodeIgniter\Database\BaseConnection->simpleQuery('SELECT trx_pric...')
#3 C:\Users\David Geraldo\Desktop\penjualan\app\Models\MsDashboard.php(36): CodeIgniter\Database\BaseConnection->query('SELECT trx_pric...')
#4 C:\Users\David Geraldo\Desktop\penjualan\app\Controllers\Dashboard.php(21): App\Models\MsDashboard->getGrafik()
#5 C:\Users\David Geraldo\Desktop\penjualan\system\CodeIgniter.php(910): App\Controllers\Dashboard->index()
#6 C:\Users\David Geraldo\Desktop\penjualan\system\CodeIgniter.php(398): CodeIgniter\CodeIgniter->runController(Object(App\Controllers\Dashboard))
#7 C:\Users\David Geraldo\Desktop\penjualan\system\CodeIgniter.php(306): CodeIgniter\CodeIgniter->handleRequest(NULL, Object(Config\Cache), false)
#8 C:\Users\David Geraldo\Desktop\penjualan\public\index.php(45): CodeIgniter\CodeIgniter->run()
#9 C:\Users\David Geraldo\Desktop\penjualan\system\Commands\Server\rewrite.php(34): require_once('C:\\Users\\David ...')
#10 {main}
CRITICAL - 2020-06-11 07:33:41 --> Expression #1 of SELECT list is not in GROUP BY clause and contains nonaggregated column 'penjualan.transactions.trx_price' which is not functionally dependent on columns in GROUP BY clause; this is incompatible with sql_mode=only_full_group_by
#0 C:\Users\David Geraldo\Desktop\penjualan\system\Database\MySQLi\Connection.php(330): mysqli->query('SELECT trx_pric...')
#1 C:\Users\David Geraldo\Desktop\penjualan\system\Database\BaseConnection.php(738): CodeIgniter\Database\MySQLi\Connection->execute('SELECT trx_pric...')
#2 C:\Users\David Geraldo\Desktop\penjualan\system\Database\BaseConnection.php(666): CodeIgniter\Database\BaseConnection->simpleQuery('SELECT trx_pric...')
#3 C:\Users\David Geraldo\Desktop\penjualan\app\Models\MsDashboard.php(36): CodeIgniter\Database\BaseConnection->query('SELECT trx_pric...')
#4 C:\Users\David Geraldo\Desktop\penjualan\app\Controllers\Dashboard.php(21): App\Models\MsDashboard->getGrafik()
#5 C:\Users\David Geraldo\Desktop\penjualan\system\CodeIgniter.php(910): App\Controllers\Dashboard->index()
#6 C:\Users\David Geraldo\Desktop\penjualan\system\CodeIgniter.php(398): CodeIgniter\CodeIgniter->runController(Object(App\Controllers\Dashboard))
#7 C:\Users\David Geraldo\Desktop\penjualan\system\CodeIgniter.php(306): CodeIgniter\CodeIgniter->handleRequest(NULL, Object(Config\Cache), false)
#8 C:\Users\David Geraldo\Desktop\penjualan\public\index.php(45): CodeIgniter\CodeIgniter->run()
#9 C:\Users\David Geraldo\Desktop\penjualan\system\Commands\Server\rewrite.php(34): require_once('C:\\Users\\David ...')
#10 {main}
CRITICAL - 2020-06-11 07:33:42 --> Expression #1 of SELECT list is not in GROUP BY clause and contains nonaggregated column 'penjualan.transactions.trx_price' which is not functionally dependent on columns in GROUP BY clause; this is incompatible with sql_mode=only_full_group_by
#0 C:\Users\David Geraldo\Desktop\penjualan\system\Database\MySQLi\Connection.php(330): mysqli->query('SELECT trx_pric...')
#1 C:\Users\David Geraldo\Desktop\penjualan\system\Database\BaseConnection.php(738): CodeIgniter\Database\MySQLi\Connection->execute('SELECT trx_pric...')
#2 C:\Users\David Geraldo\Desktop\penjualan\system\Database\BaseConnection.php(666): CodeIgniter\Database\BaseConnection->simpleQuery('SELECT trx_pric...')
#3 C:\Users\David Geraldo\Desktop\penjualan\app\Models\MsDashboard.php(36): CodeIgniter\Database\BaseConnection->query('SELECT trx_pric...')
#4 C:\Users\David Geraldo\Desktop\penjualan\app\Controllers\Dashboard.php(21): App\Models\MsDashboard->getGrafik()
#5 C:\Users\David Geraldo\Desktop\penjualan\system\CodeIgniter.php(910): App\Controllers\Dashboard->index()
#6 C:\Users\David Geraldo\Desktop\penjualan\system\CodeIgniter.php(398): CodeIgniter\CodeIgniter->runController(Object(App\Controllers\Dashboard))
#7 C:\Users\David Geraldo\Desktop\penjualan\system\CodeIgniter.php(306): CodeIgniter\CodeIgniter->handleRequest(NULL, Object(Config\Cache), false)
#8 C:\Users\David Geraldo\Desktop\penjualan\public\index.php(45): CodeIgniter\CodeIgniter->run()
#9 C:\Users\David Geraldo\Desktop\penjualan\system\Commands\Server\rewrite.php(34): require_once('C:\\Users\\David ...')
#10 {main}
CRITICAL - 2020-06-11 07:33:46 --> Expression #1 of SELECT list is not in GROUP BY clause and contains nonaggregated column 'penjualan.transactions.trx_price' which is not functionally dependent on columns in GROUP BY clause; this is incompatible with sql_mode=only_full_group_by
#0 C:\Users\David Geraldo\Desktop\penjualan\system\Database\MySQLi\Connection.php(330): mysqli->query('SELECT trx_pric...')
#1 C:\Users\David Geraldo\Desktop\penjualan\system\Database\BaseConnection.php(738): CodeIgniter\Database\MySQLi\Connection->execute('SELECT trx_pric...')
#2 C:\Users\David Geraldo\Desktop\penjualan\system\Database\BaseConnection.php(666): CodeIgniter\Database\BaseConnection->simpleQuery('SELECT trx_pric...')
#3 C:\Users\David Geraldo\Desktop\penjualan\app\Models\MsDashboard.php(36): CodeIgniter\Database\BaseConnection->query('SELECT trx_pric...')
#4 C:\Users\David Geraldo\Desktop\penjualan\app\Controllers\Dashboard.php(21): App\Models\MsDashboard->getGrafik()
#5 C:\Users\David Geraldo\Desktop\penjualan\system\CodeIgniter.php(910): App\Controllers\Dashboard->index()
#6 C:\Users\David Geraldo\Desktop\penjualan\system\CodeIgniter.php(398): CodeIgniter\CodeIgniter->runController(Object(App\Controllers\Dashboard))
#7 C:\Users\David Geraldo\Desktop\penjualan\system\CodeIgniter.php(306): CodeIgniter\CodeIgniter->handleRequest(NULL, Object(Config\Cache), false)
#8 C:\Users\David Geraldo\Desktop\penjualan\public\index.php(45): CodeIgniter\CodeIgniter->run()
#9 C:\Users\David Geraldo\Desktop\penjualan\system\Commands\Server\rewrite.php(34): require_once('C:\\Users\\David ...')
#10 {main}
CRITICAL - 2020-06-11 07:34:19 --> Expression #1 of SELECT list is not in GROUP BY clause and contains nonaggregated column 'penjualan.transactions.trx_price' which is not functionally dependent on columns in GROUP BY clause; this is incompatible with sql_mode=only_full_group_by
#0 C:\Users\David Geraldo\Desktop\penjualan\system\Database\MySQLi\Connection.php(330): mysqli->query('SELECT trx_pric...')
#1 C:\Users\David Geraldo\Desktop\penjualan\system\Database\BaseConnection.php(738): CodeIgniter\Database\MySQLi\Connection->execute('SELECT trx_pric...')
#2 C:\Users\David Geraldo\Desktop\penjualan\system\Database\BaseConnection.php(666): CodeIgniter\Database\BaseConnection->simpleQuery('SELECT trx_pric...')
#3 C:\Users\David Geraldo\Desktop\penjualan\app\Models\MsDashboard.php(36): CodeIgniter\Database\BaseConnection->query('SELECT trx_pric...')
#4 C:\Users\David Geraldo\Desktop\penjualan\app\Controllers\Dashboard.php(21): App\Models\MsDashboard->getGrafik()
#5 C:\Users\David Geraldo\Desktop\penjualan\system\CodeIgniter.php(910): App\Controllers\Dashboard->index()
#6 C:\Users\David Geraldo\Desktop\penjualan\system\CodeIgniter.php(398): CodeIgniter\CodeIgniter->runController(Object(App\Controllers\Dashboard))
#7 C:\Users\David Geraldo\Desktop\penjualan\system\CodeIgniter.php(306): CodeIgniter\CodeIgniter->handleRequest(NULL, Object(Config\Cache), false)
#8 C:\Users\David Geraldo\Desktop\penjualan\public\index.php(45): CodeIgniter\CodeIgniter->run()
#9 C:\Users\David Geraldo\Desktop\penjualan\system\Commands\Server\rewrite.php(34): require_once('C:\\Users\\David ...')
#10 {main}
CRITICAL - 2020-06-11 07:34:34 --> Expression #1 of SELECT list is not in GROUP BY clause and contains nonaggregated column 'penjualan.transactions.trx_price' which is not functionally dependent on columns in GROUP BY clause; this is incompatible with sql_mode=only_full_group_by
#0 C:\Users\David Geraldo\Desktop\penjualan\system\Database\MySQLi\Connection.php(330): mysqli->query('SELECT trx_pric...')
#1 C:\Users\David Geraldo\Desktop\penjualan\system\Database\BaseConnection.php(738): CodeIgniter\Database\MySQLi\Connection->execute('SELECT trx_pric...')
#2 C:\Users\David Geraldo\Desktop\penjualan\system\Database\BaseConnection.php(666): CodeIgniter\Database\BaseConnection->simpleQuery('SELECT trx_pric...')
#3 C:\Users\David Geraldo\Desktop\penjualan\app\Models\MsDashboard.php(36): CodeIgniter\Database\BaseConnection->query('SELECT trx_pric...')
#4 C:\Users\David Geraldo\Desktop\penjualan\app\Controllers\Dashboard.php(21): App\Models\MsDashboard->getGrafik()
#5 C:\Users\David Geraldo\Desktop\penjualan\system\CodeIgniter.php(910): App\Controllers\Dashboard->index()
#6 C:\Users\David Geraldo\Desktop\penjualan\system\CodeIgniter.php(398): CodeIgniter\CodeIgniter->runController(Object(App\Controllers\Dashboard))
#7 C:\Users\David Geraldo\Desktop\penjualan\system\CodeIgniter.php(306): CodeIgniter\CodeIgniter->handleRequest(NULL, Object(Config\Cache), false)
#8 C:\Users\David Geraldo\Desktop\penjualan\public\index.php(45): CodeIgniter\CodeIgniter->run()
#9 C:\Users\David Geraldo\Desktop\penjualan\system\Commands\Server\rewrite.php(34): require_once('C:\\Users\\David ...')
#10 {main}
CRITICAL - 2020-06-11 07:36:07 --> Expression #1 of SELECT list is not in GROUP BY clause and contains nonaggregated column 'penjualan.transactions.trx_price' which is not functionally dependent on columns in GROUP BY clause; this is incompatible with sql_mode=only_full_group_by
#0 C:\Users\David Geraldo\Desktop\penjualan\system\Database\MySQLi\Connection.php(330): mysqli->query('SELECT trx_pric...')
#1 C:\Users\David Geraldo\Desktop\penjualan\system\Database\BaseConnection.php(738): CodeIgniter\Database\MySQLi\Connection->execute('SELECT trx_pric...')
#2 C:\Users\David Geraldo\Desktop\penjualan\system\Database\BaseConnection.php(666): CodeIgniter\Database\BaseConnection->simpleQuery('SELECT trx_pric...')
#3 C:\Users\David Geraldo\Desktop\penjualan\app\Models\MsDashboard.php(36): CodeIgniter\Database\BaseConnection->query('SELECT trx_pric...')
#4 C:\Users\David Geraldo\Desktop\penjualan\app\Controllers\Dashboard.php(21): App\Models\MsDashboard->getGrafik()
#5 C:\Users\David Geraldo\Desktop\penjualan\system\CodeIgniter.php(910): App\Controllers\Dashboard->index()
#6 C:\Users\David Geraldo\Desktop\penjualan\system\CodeIgniter.php(398): CodeIgniter\CodeIgniter->runController(Object(App\Controllers\Dashboard))
#7 C:\Users\David Geraldo\Desktop\penjualan\system\CodeIgniter.php(306): CodeIgniter\CodeIgniter->handleRequest(NULL, Object(Config\Cache), false)
#8 C:\Users\David Geraldo\Desktop\penjualan\public\index.php(45): CodeIgniter\CodeIgniter->run()
#9 C:\Users\David Geraldo\Desktop\penjualan\system\Commands\Server\rewrite.php(34): require_once('C:\\Users\\David ...')
#10 {main}
CRITICAL - 2020-06-11 07:36:43 --> Expression #1 of SELECT list is not in GROUP BY clause and contains nonaggregated column 'penjualan.transactions.trx_price' which is not functionally dependent on columns in GROUP BY clause; this is incompatible with sql_mode=only_full_group_by
#0 C:\Users\David Geraldo\Desktop\penjualan\system\Database\MySQLi\Connection.php(330): mysqli->query('SELECT trx_pric...')
#1 C:\Users\David Geraldo\Desktop\penjualan\system\Database\BaseConnection.php(738): CodeIgniter\Database\MySQLi\Connection->execute('SELECT trx_pric...')
#2 C:\Users\David Geraldo\Desktop\penjualan\system\Database\BaseConnection.php(666): CodeIgniter\Database\BaseConnection->simpleQuery('SELECT trx_pric...')
#3 C:\Users\David Geraldo\Desktop\penjualan\app\Models\MsDashboard.php(36): CodeIgniter\Database\BaseConnection->query('SELECT trx_pric...')
#4 C:\Users\David Geraldo\Desktop\penjualan\app\Controllers\Dashboard.php(21): App\Models\MsDashboard->getGrafik()
#5 C:\Users\David Geraldo\Desktop\penjualan\system\CodeIgniter.php(910): App\Controllers\Dashboard->index()
#6 C:\Users\David Geraldo\Desktop\penjualan\system\CodeIgniter.php(398): CodeIgniter\CodeIgniter->runController(Object(App\Controllers\Dashboard))
#7 C:\Users\David Geraldo\Desktop\penjualan\system\CodeIgniter.php(306): CodeIgniter\CodeIgniter->handleRequest(NULL, Object(Config\Cache), false)
#8 C:\Users\David Geraldo\Desktop\penjualan\public\index.php(45): CodeIgniter\CodeIgniter->run()
#9 C:\Users\David Geraldo\Desktop\penjualan\system\Commands\Server\rewrite.php(34): require_once('C:\\Users\\David ...')
#10 {main}
CRITICAL - 2020-06-11 07:38:05 --> Expression #1 of SELECT list is not in GROUP BY clause and contains nonaggregated column 'penjualan.transactions.trx_price' which is not functionally dependent on columns in GROUP BY clause; this is incompatible with sql_mode=only_full_group_by
#0 C:\Users\David Geraldo\Desktop\penjualan\system\Database\MySQLi\Connection.php(330): mysqli->query('SELECT trx_pric...')
#1 C:\Users\David Geraldo\Desktop\penjualan\system\Database\BaseConnection.php(738): CodeIgniter\Database\MySQLi\Connection->execute('SELECT trx_pric...')
#2 C:\Users\David Geraldo\Desktop\penjualan\system\Database\BaseConnection.php(666): CodeIgniter\Database\BaseConnection->simpleQuery('SELECT trx_pric...')
#3 C:\Users\David Geraldo\Desktop\penjualan\app\Models\MsDashboard.php(36): CodeIgniter\Database\BaseConnection->query('SELECT trx_pric...')
#4 C:\Users\David Geraldo\Desktop\penjualan\app\Controllers\Dashboard.php(21): App\Models\MsDashboard->getGrafik()
#5 C:\Users\David Geraldo\Desktop\penjualan\system\CodeIgniter.php(910): App\Controllers\Dashboard->index()
#6 C:\Users\David Geraldo\Desktop\penjualan\system\CodeIgniter.php(398): CodeIgniter\CodeIgniter->runController(Object(App\Controllers\Dashboard))
#7 C:\Users\David Geraldo\Desktop\penjualan\system\CodeIgniter.php(306): CodeIgniter\CodeIgniter->handleRequest(NULL, Object(Config\Cache), false)
#8 C:\Users\David Geraldo\Desktop\penjualan\public\index.php(45): CodeIgniter\CodeIgniter->run()
#9 C:\Users\David Geraldo\Desktop\penjualan\system\Commands\Server\rewrite.php(34): require_once('C:\\Users\\David ...')
#10 {main}
CRITICAL - 2020-06-11 07:51:54 --> Cannot add or update a child row: a foreign key constraint fails (`penjualan`.`transactions`, CONSTRAINT `transactions_product_id_foreign` FOREIGN KEY (`product_id`) REFERENCES `products` (`product_id`) ON DELETE CASCADE ON UPDATE CASCADE)
#0 C:\Users\David Geraldo\Desktop\penjualan\system\Database\MySQLi\Connection.php(330): mysqli->query('INSERT INTO `tr...')
#1 C:\Users\David Geraldo\Desktop\penjualan\system\Database\BaseConnection.php(738): CodeIgniter\Database\MySQLi\Connection->execute('INSERT INTO `tr...')
#2 C:\Users\David Geraldo\Desktop\penjualan\system\Database\BaseConnection.php(666): CodeIgniter\Database\BaseConnection->simpleQuery('INSERT INTO `tr...')
#3 C:\Users\David Geraldo\Desktop\penjualan\system\Database\BaseBuilder.php(2206): CodeIgniter\Database\BaseConnection->query('INSERT INTO `tr...', Array, false)
#4 C:\Users\David Geraldo\Desktop\penjualan\app\Models\MsTransaction.php(28): CodeIgniter\Database\BaseBuilder->insert(Array)
#5 C:\Users\David Geraldo\Desktop\penjualan\app\Controllers\Transaction.php(76): App\Models\MsTransaction->insertTransaction(Array)
#6 C:\Users\David Geraldo\Desktop\penjualan\system\CodeIgniter.php(910): App\Controllers\Transaction->proses_import()
#7 C:\Users\David Geraldo\Desktop\penjualan\system\CodeIgniter.php(398): CodeIgniter\CodeIgniter->runController(Object(App\Controllers\Transaction))
#8 C:\Users\David Geraldo\Desktop\penjualan\system\CodeIgniter.php(306): CodeIgniter\CodeIgniter->handleRequest(NULL, Object(Config\Cache), false)
#9 C:\Users\David Geraldo\Desktop\penjualan\public\index.php(45): CodeIgniter\CodeIgniter->run()
#10 C:\Users\David Geraldo\Desktop\penjualan\system\Commands\Server\rewrite.php(34): require_once('C:\\Users\\David ...')
#11 {main}
CRITICAL - 2020-06-11 11:01:37 --> Invalid file: _partials/footer.php
#0 C:\Users\David Geraldo\Desktop\penjualan\system\View\View.php(224): CodeIgniter\Exceptions\FrameworkException::forInvalidFile('_partials/foote...')
#1 C:\Users\David Geraldo\Desktop\penjualan\system\Common.php(1071): CodeIgniter\View\View->render('_partials/foote...', Array, true)
#2 C:\Users\David Geraldo\Desktop\penjualan\app\Controllers\Dashboard.php(24): view('_partials/foote...', Array)
#3 C:\Users\David Geraldo\Desktop\penjualan\system\CodeIgniter.php(910): App\Controllers\Dashboard->index()
#4 C:\Users\David Geraldo\Desktop\penjualan\system\CodeIgniter.php(398): CodeIgniter\CodeIgniter->runController(Object(App\Controllers\Dashboard))
#5 C:\Users\David Geraldo\Desktop\penjualan\system\CodeIgniter.php(306): CodeIgniter\CodeIgniter->handleRequest(NULL, Object(Config\Cache), false)
#6 C:\Users\David Geraldo\Desktop\penjualan\public\index.php(45): CodeIgniter\CodeIgniter->run()
#7 C:\Users\David Geraldo\Desktop\penjualan\system\Commands\Server\rewrite.php(34): require_once('C:\\Users\\David ...')
#8 {main}
CRITICAL - 2020-06-11 11:09:32 --> Unknown database 'localhost'
#0 C:\Users\David Geraldo\Desktop\penjualan\system\Database\BaseConnection.php(377): CodeIgniter\Database\MySQLi\Connection->connect(false)
#1 C:\Users\David Geraldo\Desktop\penjualan\system\Database\BaseConnection.php(643): CodeIgniter\Database\BaseConnection->initialize()
#2 C:\Users\David Geraldo\Desktop\penjualan\system\Database\BaseBuilder.php(1856): CodeIgniter\Database\BaseConnection->query('SELECT COUNT(*)...', NULL, false)
#3 C:\Users\David Geraldo\Desktop\penjualan\app\Models\MsDashboard.php(13): CodeIgniter\Database\BaseBuilder->countAll()
#4 C:\Users\David Geraldo\Desktop\penjualan\app\Controllers\Dashboard.php(15): App\Models\MsDashboard->getCountTrx()
#5 C:\Users\David Geraldo\Desktop\penjualan\system\CodeIgniter.php(910): App\Controllers\Dashboard->index()
#6 C:\Users\David Geraldo\Desktop\penjualan\system\CodeIgniter.php(398): CodeIgniter\CodeIgniter->runController(Object(App\Controllers\Dashboard))
#7 C:\Users\David Geraldo\Desktop\penjualan\system\CodeIgniter.php(306): CodeIgniter\CodeIgniter->handleRequest(NULL, Object(Config\Cache), false)
#8 C:\Users\David Geraldo\Desktop\penjualan\public\index.php(45): CodeIgniter\CodeIgniter->run()
#9 C:\Users\David Geraldo\Desktop\penjualan\system\Commands\Server\rewrite.php(34): require_once('C:\\Users\\David ...')
#10 {main}
CRITICAL - 2020-06-11 11:26:48 --> syntax error, unexpected ';'
#0 C:\Users\David Geraldo\Desktop\penjualan\system\Autoloader\Autoloader.php(296): CodeIgniter\Autoloader\Autoloader->requireFile('C:\\Users\\David ...')
#1 C:\Users\David Geraldo\Desktop\penjualan\system\Autoloader\Autoloader.php(258): CodeIgniter\Autoloader\Autoloader->loadInNamespace('App\\Controllers...')
#2 [internal function]: CodeIgniter\Autoloader\Autoloader->loadClass('App\\Controllers...')
#3 C:\Users\David Geraldo\Desktop\penjualan\app\Controllers\Dashboard.php(6): spl_autoload_call('App\\Controllers...')
#4 C:\Users\David Geraldo\Desktop\penjualan\system\Autoloader\Autoloader.php(365): require_once('C:\\Users\\David ...')
#5 C:\Users\David Geraldo\Desktop\penjualan\system\Autoloader\Autoloader.php(296): CodeIgniter\Autoloader\Autoloader->requireFile('C:\\Users\\David ...')
#6 C:\Users\David Geraldo\Desktop\penjualan\system\Autoloader\Autoloader.php(258): CodeIgniter\Autoloader\Autoloader->loadInNamespace('App\\Controllers...')
#7 [internal function]: CodeIgniter\Autoloader\Autoloader->loadClass('App\\Controllers...')
#8 [internal function]: spl_autoload_call('App\\Controllers...')
#9 C:\Users\David Geraldo\Desktop\penjualan\system\CodeIgniter.php(861): class_exists('\\App\\Controller...', true)
#10 C:\Users\David Geraldo\Desktop\penjualan\system\CodeIgniter.php(388): CodeIgniter\CodeIgniter->startController()
#11 C:\Users\David Geraldo\Desktop\penjualan\system\CodeIgniter.php(306): CodeIgniter\CodeIgniter->handleRequest(NULL, Object(Config\Cache), false)
#12 C:\Users\David Geraldo\Desktop\penjualan\public\index.php(45): CodeIgniter\CodeIgniter->run()
#13 C:\Users\David Geraldo\Desktop\penjualan\system\Commands\Server\rewrite.php(34): require_once('C:\\Users\\David ...')
#14 {main}
CRITICAL - 2020-06-11 12:19:47 --> syntax error, unexpected ';'
#0 C:\Users\David Geraldo\Desktop\penjualan\system\Autoloader\Autoloader.php(296): CodeIgniter\Autoloader\Autoloader->requireFile('C:\\Users\\David ...')
#1 C:\Users\David Geraldo\Desktop\penjualan\system\Autoloader\Autoloader.php(258): CodeIgniter\Autoloader\Autoloader->loadInNamespace('App\\Controllers...')
#2 [internal function]: CodeIgniter\Autoloader\Autoloader->loadClass('App\\Controllers...')
#3 C:\Users\David Geraldo\Desktop\penjualan\app\Controllers\Auth.php(5): spl_autoload_call('App\\Controllers...')
#4 C:\Users\David Geraldo\Desktop\penjualan\system\Autoloader\Autoloader.php(365): require_once('C:\\Users\\David ...')
#5 C:\Users\David Geraldo\Desktop\penjualan\system\Autoloader\Autoloader.php(296): CodeIgniter\Autoloader\Autoloader->requireFile('C:\\Users\\David ...')
#6 C:\Users\David Geraldo\Desktop\penjualan\system\Autoloader\Autoloader.php(258): CodeIgniter\Autoloader\Autoloader->loadInNamespace('App\\Controllers...')
#7 [internal function]: CodeIgniter\Autoloader\Autoloader->loadClass('App\\Controllers...')
#8 [internal function]: spl_autoload_call('App\\Controllers...')
#9 C:\Users\David Geraldo\Desktop\penjualan\system\CodeIgniter.php(861): class_exists('\\App\\Controller...', true)
#10 C:\Users\David Geraldo\Desktop\penjualan\system\CodeIgniter.php(388): CodeIgniter\CodeIgniter->startController()
#11 C:\Users\David Geraldo\Desktop\penjualan\system\CodeIgniter.php(306): CodeIgniter\CodeIgniter->handleRequest(NULL, Object(Config\Cache), false)
#12 C:\Users\David Geraldo\Desktop\penjualan\public\index.php(45): CodeIgniter\CodeIgniter->run()
#13 C:\Users\David Geraldo\Desktop\penjualan\system\Commands\Server\rewrite.php(34): require_once('C:\\Users\\David ...')
#14 {main}
CRITICAL - 2020-06-11 12:20:00 --> syntax error, unexpected ';'
#0 C:\Users\David Geraldo\Desktop\penjualan\system\Autoloader\Autoloader.php(296): CodeIgniter\Autoloader\Autoloader->requireFile('C:\\Users\\David ...')
#1 C:\Users\David Geraldo\Desktop\penjualan\system\Autoloader\Autoloader.php(258): CodeIgniter\Autoloader\Autoloader->loadInNamespace('App\\Controllers...')
#2 [internal function]: CodeIgniter\Autoloader\Autoloader->loadClass('App\\Controllers...')
#3 C:\Users\David Geraldo\Desktop\penjualan\app\Controllers\Auth.php(5): spl_autoload_call('App\\Controllers...')
#4 C:\Users\David Geraldo\Desktop\penjualan\system\Autoloader\Autoloader.php(365): require_once('C:\\Users\\David ...')
#5 C:\Users\David Geraldo\Desktop\penjualan\system\Autoloader\Autoloader.php(296): CodeIgniter\Autoloader\Autoloader->requireFile('C:\\Users\\David ...')
#6 C:\Users\David Geraldo\Desktop\penjualan\system\Autoloader\Autoloader.php(258): CodeIgniter\Autoloader\Autoloader->loadInNamespace('App\\Controllers...')
#7 [internal function]: CodeIgniter\Autoloader\Autoloader->loadClass('App\\Controllers...')
#8 [internal function]: spl_autoload_call('App\\Controllers...')
#9 C:\Users\David Geraldo\Desktop\penjualan\system\CodeIgniter.php(861): class_exists('\\App\\Controller...', true)
#10 C:\Users\David Geraldo\Desktop\penjualan\system\CodeIgniter.php(388): CodeIgniter\CodeIgniter->startController()
#11 C:\Users\David Geraldo\Desktop\penjualan\system\CodeIgniter.php(306): CodeIgniter\CodeIgniter->handleRequest(NULL, Object(Config\Cache), false)
#12 C:\Users\David Geraldo\Desktop\penjualan\public\index.php(45): CodeIgniter\CodeIgniter->run()
#13 C:\Users\David Geraldo\Desktop\penjualan\system\Commands\Server\rewrite.php(34): require_once('C:\\Users\\David ...')
#14 {main}
CRITICAL - 2020-06-11 12:20:29 --> syntax error, unexpected ';'
#0 C:\Users\David Geraldo\Desktop\penjualan\system\Autoloader\Autoloader.php(296): CodeIgniter\Autoloader\Autoloader->requireFile('C:\\Users\\David ...')
#1 C:\Users\David Geraldo\Desktop\penjualan\system\Autoloader\Autoloader.php(258): CodeIgniter\Autoloader\Autoloader->loadInNamespace('App\\Controllers...')
#2 [internal function]: CodeIgniter\Autoloader\Autoloader->loadClass('App\\Controllers...')
#3 C:\Users\David Geraldo\Desktop\penjualan\app\Controllers\Dashboard.php(6): spl_autoload_call('App\\Controllers...')
#4 C:\Users\David Geraldo\Desktop\penjualan\system\Autoloader\Autoloader.php(365): require_once('C:\\Users\\David ...')
#5 C:\Users\David Geraldo\Desktop\penjualan\system\Autoloader\Autoloader.php(296): CodeIgniter\Autoloader\Autoloader->requireFile('C:\\Users\\David ...')
#6 C:\Users\David Geraldo\Desktop\penjualan\system\Autoloader\Autoloader.php(258): CodeIgniter\Autoloader\Autoloader->loadInNamespace('App\\Controllers...')
#7 [internal function]: CodeIgniter\Autoloader\Autoloader->loadClass('App\\Controllers...')
#8 [internal function]: spl_autoload_call('App\\Controllers...')
#9 C:\Users\David Geraldo\Desktop\penjualan\system\CodeIgniter.php(861): class_exists('\\App\\Controller...', true)
#10 C:\Users\David Geraldo\Desktop\penjualan\system\CodeIgniter.php(388): CodeIgniter\CodeIgniter->startController()
#11 C:\Users\David Geraldo\Desktop\penjualan\system\CodeIgniter.php(306): CodeIgniter\CodeIgniter->handleRequest(NULL, Object(Config\Cache), false)
#12 C:\Users\David Geraldo\Desktop\penjualan\public\index.php(45): CodeIgniter\CodeIgniter->run()
#13 C:\Users\David Geraldo\Desktop\penjualan\system\Commands\Server\rewrite.php(34): require_once('C:\\Users\\David ...')
#14 {main}
CRITICAL - 2020-06-11 12:20:52 --> syntax error, unexpected ';'
#0 C:\Users\David Geraldo\Desktop\penjualan\system\Autoloader\Autoloader.php(296): CodeIgniter\Autoloader\Autoloader->requireFile('C:\\Users\\David ...')
#1 C:\Users\David Geraldo\Desktop\penjualan\system\Autoloader\Autoloader.php(258): CodeIgniter\Autoloader\Autoloader->loadInNamespace('App\\Controllers...')
#2 [internal function]: CodeIgniter\Autoloader\Autoloader->loadClass('App\\Controllers...')
#3 C:\Users\David Geraldo\Desktop\penjualan\app\Controllers\Dashboard.php(6): spl_autoload_call('App\\Controllers...')
#4 C:\Users\David Geraldo\Desktop\penjualan\system\Autoloader\Autoloader.php(365): require_once('C:\\Users\\David ...')
#5 C:\Users\David Geraldo\Desktop\penjualan\system\Autoloader\Autoloader.php(296): CodeIgniter\Autoloader\Autoloader->requireFile('C:\\Users\\David ...')
#6 C:\Users\David Geraldo\Desktop\penjualan\system\Autoloader\Autoloader.php(258): CodeIgniter\Autoloader\Autoloader->loadInNamespace('App\\Controllers...')
#7 [internal function]: CodeIgniter\Autoloader\Autoloader->loadClass('App\\Controllers...')
#8 [internal function]: spl_autoload_call('App\\Controllers...')
#9 C:\Users\David Geraldo\Desktop\penjualan\system\CodeIgniter.php(861): class_exists('\\App\\Controller...', true)
#10 C:\Users\David Geraldo\Desktop\penjualan\system\CodeIgniter.php(388): CodeIgniter\CodeIgniter->startController()
#11 C:\Users\David Geraldo\Desktop\penjualan\system\CodeIgniter.php(306): CodeIgniter\CodeIgniter->handleRequest(NULL, Object(Config\Cache), false)
#12 C:\Users\David Geraldo\Desktop\penjualan\public\index.php(45): CodeIgniter\CodeIgniter->run()
#13 C:\Users\David Geraldo\Desktop\penjualan\system\Commands\Server\rewrite.php(34): require_once('C:\\Users\\David ...')
#14 {main}
