CRITICAL - 2020-06-08 03:00:54 --> Access denied for user ''@'localhost' (using password: NO)
#0 C:\Users\David Geraldo\Desktop\test\system\Database\BaseConnection.php(377): CodeIgniter\Database\MySQLi\Connection->connect(false)
#1 C:\Users\David Geraldo\Desktop\test\system\Database\BaseConnection.php(643): CodeIgniter\Database\BaseConnection->initialize()
#2 C:\Users\David Geraldo\Desktop\test\system\Database\BaseBuilder.php(1819): CodeIgniter\Database\BaseConnection->query('SELECT `product...', Array, false)
#3 C:\Users\David Geraldo\Desktop\test\system\Model.php(1702): CodeIgniter\Database\BaseBuilder->get()
#4 C:\Users\David Geraldo\Desktop\test\app\Models\Transaction_model.php(14): CodeIgniter\Model->__call('get', Array)
#5 C:\Users\David Geraldo\Desktop\test\app\Controllers\Transaction.php(23): App\Models\Transaction_model->getTransaction()
#6 C:\Users\David Geraldo\Desktop\test\system\CodeIgniter.php(910): App\Controllers\Transaction->index()
#7 C:\Users\David Geraldo\Desktop\test\system\CodeIgniter.php(398): CodeIgniter\CodeIgniter->runController(Object(App\Controllers\Transaction))
#8 C:\Users\David Geraldo\Desktop\test\system\CodeIgniter.php(306): CodeIgniter\CodeIgniter->handleRequest(NULL, Object(Config\Cache), false)
#9 C:\Users\David Geraldo\Desktop\test\public\index.php(45): CodeIgniter\CodeIgniter->run()
#10 C:\Users\David Geraldo\Desktop\test\system\Commands\Server\rewrite.php(34): require_once('C:\\Users\\David ...')
#11 {main}
CRITICAL - 2020-06-08 03:07:13 --> Column 'trx_price' cannot be null
#0 C:\Users\David Geraldo\Desktop\test\system\Database\MySQLi\Connection.php(330): mysqli->query('INSERT INTO `tr...')
#1 C:\Users\David Geraldo\Desktop\test\system\Database\BaseConnection.php(738): CodeIgniter\Database\MySQLi\Connection->execute('INSERT INTO `tr...')
#2 C:\Users\David Geraldo\Desktop\test\system\Database\BaseConnection.php(666): CodeIgniter\Database\BaseConnection->simpleQuery('INSERT INTO `tr...')
#3 C:\Users\David Geraldo\Desktop\test\system\Database\BaseBuilder.php(2206): CodeIgniter\Database\BaseConnection->query('INSERT INTO `tr...', Array, false)
#4 C:\Users\David Geraldo\Desktop\test\app\Models\Transaction_model.php(28): CodeIgniter\Database\BaseBuilder->insert(Array)
#5 C:\Users\David Geraldo\Desktop\test\app\Controllers\Transaction.php(76): App\Models\Transaction_model->insertTransaction(Array)
#6 C:\Users\David Geraldo\Desktop\test\system\CodeIgniter.php(910): App\Controllers\Transaction->proses_import()
#7 C:\Users\David Geraldo\Desktop\test\system\CodeIgniter.php(398): CodeIgniter\CodeIgniter->runController(Object(App\Controllers\Transaction))
#8 C:\Users\David Geraldo\Desktop\test\system\CodeIgniter.php(306): CodeIgniter\CodeIgniter->handleRequest(NULL, Object(Config\Cache), false)
#9 C:\Users\David Geraldo\Desktop\test\public\index.php(45): CodeIgniter\CodeIgniter->run()
#10 C:\Users\David Geraldo\Desktop\test\system\Commands\Server\rewrite.php(34): require_once('C:\\Users\\David ...')
#11 {main}
CRITICAL - 2020-06-08 04:34:34 --> Invalid file: transaction/index.php
#0 C:\Users\David Geraldo\Desktop\test\system\View\View.php(224): CodeIgniter\Exceptions\FrameworkException::forInvalidFile('transaction/ind...')
#1 C:\Users\David Geraldo\Desktop\test\system\Common.php(1071): CodeIgniter\View\View->render('transaction/ind...', Array, true)
#2 C:\Users\David Geraldo\Desktop\test\app\Controllers\Transaction.php(24): view('transaction/ind...', Array)
#3 C:\Users\David Geraldo\Desktop\test\system\CodeIgniter.php(910): App\Controllers\Transaction->index()
#4 C:\Users\David Geraldo\Desktop\test\system\CodeIgniter.php(398): CodeIgniter\CodeIgniter->runController(Object(App\Controllers\Transaction))
#5 C:\Users\David Geraldo\Desktop\test\system\CodeIgniter.php(306): CodeIgniter\CodeIgniter->handleRequest(NULL, Object(Config\Cache), false)
#6 C:\Users\David Geraldo\Desktop\test\public\index.php(45): CodeIgniter\CodeIgniter->run()
#7 C:\Users\David Geraldo\Desktop\test\system\Commands\Server\rewrite.php(34): require_once('C:\\Users\\David ...')
#8 {main}
CRITICAL - 2020-06-08 04:34:34 --> Uncaught ErrorException: include(C:\Users\David Geraldo\Desktop\test\app\Views/errors/html/production.php): failed to open stream: No such file or directory in C:\Users\David Geraldo\Desktop\test\system\Debug\Exceptions.php:298
Stack trace:
#0 C:\Users\David Geraldo\Desktop\test\system\Debug\Exceptions.php(298): CodeIgniter\Debug\Exceptions->errorHandler(2, 'include(C:\\User...', 'C:\\Users\\David ...', 298, Array)
#1 C:\Users\David Geraldo\Desktop\test\system\Debug\Exceptions.php(298): include()
#2 C:\Users\David Geraldo\Desktop\test\system\Debug\Exceptions.php(171): CodeIgniter\Debug\Exceptions->render(Object(CodeIgniter\View\Exceptions\ViewException), 500)
#3 [internal function]: CodeIgniter\Debug\Exceptions->exceptionHandler(Object(CodeIgniter\View\Exceptions\ViewException))
#4 {main}
  thrown
#0 [internal function]: CodeIgniter\Debug\Exceptions->shutdownHandler()
#1 {main}
CRITICAL - 2020-06-08 04:34:45 --> Invalid file: dashboard.php
#0 C:\Users\David Geraldo\Desktop\test\system\View\View.php(224): CodeIgniter\Exceptions\FrameworkException::forInvalidFile('dashboard.php')
#1 C:\Users\David Geraldo\Desktop\test\system\Common.php(1071): CodeIgniter\View\View->render('dashboard', Array, true)
#2 C:\Users\David Geraldo\Desktop\test\app\Controllers\Dashboard.php(7): view('dashboard')
#3 C:\Users\David Geraldo\Desktop\test\system\CodeIgniter.php(910): App\Controllers\Dashboard->index()
#4 C:\Users\David Geraldo\Desktop\test\system\CodeIgniter.php(398): CodeIgniter\CodeIgniter->runController(Object(App\Controllers\Dashboard))
#5 C:\Users\David Geraldo\Desktop\test\system\CodeIgniter.php(306): CodeIgniter\CodeIgniter->handleRequest(NULL, Object(Config\Cache), false)
#6 C:\Users\David Geraldo\Desktop\test\public\index.php(45): CodeIgniter\CodeIgniter->run()
#7 C:\Users\David Geraldo\Desktop\test\system\Commands\Server\rewrite.php(34): require_once('C:\\Users\\David ...')
#8 {main}
CRITICAL - 2020-06-08 04:34:45 --> Uncaught ErrorException: include(C:\Users\David Geraldo\Desktop\test\app\Views/errors/html/production.php): failed to open stream: No such file or directory in C:\Users\David Geraldo\Desktop\test\system\Debug\Exceptions.php:298
Stack trace:
#0 C:\Users\David Geraldo\Desktop\test\system\Debug\Exceptions.php(298): CodeIgniter\Debug\Exceptions->errorHandler(2, 'include(C:\\User...', 'C:\\Users\\David ...', 298, Array)
#1 C:\Users\David Geraldo\Desktop\test\system\Debug\Exceptions.php(298): include()
#2 C:\Users\David Geraldo\Desktop\test\system\Debug\Exceptions.php(171): CodeIgniter\Debug\Exceptions->render(Object(CodeIgniter\View\Exceptions\ViewException), 500)
#3 [internal function]: CodeIgniter\Debug\Exceptions->exceptionHandler(Object(CodeIgniter\View\Exceptions\ViewException))
#4 {main}
  thrown
#0 [internal function]: CodeIgniter\Debug\Exceptions->shutdownHandler()
#1 {main}
CRITICAL - 2020-06-08 04:35:05 --> Invalid file: dashboard.php
#0 C:\Users\David Geraldo\Desktop\test\system\View\View.php(224): CodeIgniter\Exceptions\FrameworkException::forInvalidFile('dashboard.php')
#1 C:\Users\David Geraldo\Desktop\test\system\Common.php(1071): CodeIgniter\View\View->render('dashboard', Array, true)
#2 C:\Users\David Geraldo\Desktop\test\app\Controllers\Dashboard.php(7): view('dashboard')
#3 C:\Users\David Geraldo\Desktop\test\system\CodeIgniter.php(910): App\Controllers\Dashboard->index()
#4 C:\Users\David Geraldo\Desktop\test\system\CodeIgniter.php(398): CodeIgniter\CodeIgniter->runController(Object(App\Controllers\Dashboard))
#5 C:\Users\David Geraldo\Desktop\test\system\CodeIgniter.php(306): CodeIgniter\CodeIgniter->handleRequest(NULL, Object(Config\Cache), false)
#6 C:\Users\David Geraldo\Desktop\test\public\index.php(45): CodeIgniter\CodeIgniter->run()
#7 C:\Users\David Geraldo\Desktop\test\system\Commands\Server\rewrite.php(34): require_once('C:\\Users\\David ...')
#8 {main}
CRITICAL - 2020-06-08 04:35:05 --> Uncaught ErrorException: include(C:\Users\David Geraldo\Desktop\test\app\Views/errors/html/production.php): failed to open stream: No such file or directory in C:\Users\David Geraldo\Desktop\test\system\Debug\Exceptions.php:298
Stack trace:
#0 C:\Users\David Geraldo\Desktop\test\system\Debug\Exceptions.php(298): CodeIgniter\Debug\Exceptions->errorHandler(2, 'include(C:\\User...', 'C:\\Users\\David ...', 298, Array)
#1 C:\Users\David Geraldo\Desktop\test\system\Debug\Exceptions.php(298): include()
#2 C:\Users\David Geraldo\Desktop\test\system\Debug\Exceptions.php(171): CodeIgniter\Debug\Exceptions->render(Object(CodeIgniter\View\Exceptions\ViewException), 500)
#3 [internal function]: CodeIgniter\Debug\Exceptions->exceptionHandler(Object(CodeIgniter\View\Exceptions\ViewException))
#4 {main}
  thrown
#0 [internal function]: CodeIgniter\Debug\Exceptions->shutdownHandler()
#1 {main}
CRITICAL - 2020-06-08 04:35:40 --> Invalid file: dashboard.php
#0 C:\Users\David Geraldo\Desktop\test\system\View\View.php(224): CodeIgniter\Exceptions\FrameworkException::forInvalidFile('dashboard.php')
#1 C:\Users\David Geraldo\Desktop\test\system\Common.php(1071): CodeIgniter\View\View->render('dashboard', Array, true)
#2 C:\Users\David Geraldo\Desktop\test\app\Controllers\Dashboard.php(7): view('dashboard')
#3 C:\Users\David Geraldo\Desktop\test\system\CodeIgniter.php(910): App\Controllers\Dashboard->index()
#4 C:\Users\David Geraldo\Desktop\test\system\CodeIgniter.php(398): CodeIgniter\CodeIgniter->runController(Object(App\Controllers\Dashboard))
#5 C:\Users\David Geraldo\Desktop\test\system\CodeIgniter.php(306): CodeIgniter\CodeIgniter->handleRequest(NULL, Object(Config\Cache), false)
#6 C:\Users\David Geraldo\Desktop\test\public\index.php(45): CodeIgniter\CodeIgniter->run()
#7 C:\Users\David Geraldo\Desktop\test\system\Commands\Server\rewrite.php(34): require_once('C:\\Users\\David ...')
#8 {main}
CRITICAL - 2020-06-08 04:35:40 --> Uncaught ErrorException: include(C:\Users\David Geraldo\Desktop\test\app\Views/errors/html/production.php): failed to open stream: No such file or directory in C:\Users\David Geraldo\Desktop\test\system\Debug\Exceptions.php:298
Stack trace:
#0 C:\Users\David Geraldo\Desktop\test\system\Debug\Exceptions.php(298): CodeIgniter\Debug\Exceptions->errorHandler(2, 'include(C:\\User...', 'C:\\Users\\David ...', 298, Array)
#1 C:\Users\David Geraldo\Desktop\test\system\Debug\Exceptions.php(298): include()
#2 C:\Users\David Geraldo\Desktop\test\system\Debug\Exceptions.php(171): CodeIgniter\Debug\Exceptions->render(Object(CodeIgniter\View\Exceptions\ViewException), 500)
#3 [internal function]: CodeIgniter\Debug\Exceptions->exceptionHandler(Object(CodeIgniter\View\Exceptions\ViewException))
#4 {main}
  thrown
#0 [internal function]: CodeIgniter\Debug\Exceptions->shutdownHandler()
#1 {main}
CRITICAL - 2020-06-08 04:36:20 --> Invalid file: dashboard.php
#0 C:\Users\David Geraldo\Desktop\test\system\View\View.php(224): CodeIgniter\Exceptions\FrameworkException::forInvalidFile('dashboard.php')
#1 C:\Users\David Geraldo\Desktop\test\system\Common.php(1071): CodeIgniter\View\View->render('dashboard', Array, true)
#2 C:\Users\David Geraldo\Desktop\test\app\Controllers\Dashboard.php(7): view('dashboard')
#3 C:\Users\David Geraldo\Desktop\test\system\CodeIgniter.php(910): App\Controllers\Dashboard->index()
#4 C:\Users\David Geraldo\Desktop\test\system\CodeIgniter.php(398): CodeIgniter\CodeIgniter->runController(Object(App\Controllers\Dashboard))
#5 C:\Users\David Geraldo\Desktop\test\system\CodeIgniter.php(306): CodeIgniter\CodeIgniter->handleRequest(NULL, Object(Config\Cache), false)
#6 C:\Users\David Geraldo\Desktop\test\public\index.php(45): CodeIgniter\CodeIgniter->run()
#7 C:\Users\David Geraldo\Desktop\test\system\Commands\Server\rewrite.php(34): require_once('C:\\Users\\David ...')
#8 {main}
CRITICAL - 2020-06-08 04:36:20 --> Uncaught ErrorException: include(C:\Users\David Geraldo\Desktop\test\app\Views/errors/html/production.php): failed to open stream: No such file or directory in C:\Users\David Geraldo\Desktop\test\system\Debug\Exceptions.php:298
Stack trace:
#0 C:\Users\David Geraldo\Desktop\test\system\Debug\Exceptions.php(298): CodeIgniter\Debug\Exceptions->errorHandler(2, 'include(C:\\User...', 'C:\\Users\\David ...', 298, Array)
#1 C:\Users\David Geraldo\Desktop\test\system\Debug\Exceptions.php(298): include()
#2 C:\Users\David Geraldo\Desktop\test\system\Debug\Exceptions.php(171): CodeIgniter\Debug\Exceptions->render(Object(CodeIgniter\View\Exceptions\ViewException), 500)
#3 [internal function]: CodeIgniter\Debug\Exceptions->exceptionHandler(Object(CodeIgniter\View\Exceptions\ViewException))
#4 {main}
  thrown
#0 [internal function]: CodeIgniter\Debug\Exceptions->shutdownHandler()
#1 {main}
CRITICAL - 2020-06-08 04:36:21 --> Invalid file: dashboard.php
#0 C:\Users\David Geraldo\Desktop\test\system\View\View.php(224): CodeIgniter\Exceptions\FrameworkException::forInvalidFile('dashboard.php')
#1 C:\Users\David Geraldo\Desktop\test\system\Common.php(1071): CodeIgniter\View\View->render('dashboard', Array, true)
#2 C:\Users\David Geraldo\Desktop\test\app\Controllers\Dashboard.php(7): view('dashboard')
#3 C:\Users\David Geraldo\Desktop\test\system\CodeIgniter.php(910): App\Controllers\Dashboard->index()
#4 C:\Users\David Geraldo\Desktop\test\system\CodeIgniter.php(398): CodeIgniter\CodeIgniter->runController(Object(App\Controllers\Dashboard))
#5 C:\Users\David Geraldo\Desktop\test\system\CodeIgniter.php(306): CodeIgniter\CodeIgniter->handleRequest(NULL, Object(Config\Cache), false)
#6 C:\Users\David Geraldo\Desktop\test\public\index.php(45): CodeIgniter\CodeIgniter->run()
#7 C:\Users\David Geraldo\Desktop\test\system\Commands\Server\rewrite.php(34): require_once('C:\\Users\\David ...')
#8 {main}
CRITICAL - 2020-06-08 04:36:21 --> Uncaught ErrorException: include(C:\Users\David Geraldo\Desktop\test\app\Views/errors/html/production.php): failed to open stream: No such file or directory in C:\Users\David Geraldo\Desktop\test\system\Debug\Exceptions.php:298
Stack trace:
#0 C:\Users\David Geraldo\Desktop\test\system\Debug\Exceptions.php(298): CodeIgniter\Debug\Exceptions->errorHandler(2, 'include(C:\\User...', 'C:\\Users\\David ...', 298, Array)
#1 C:\Users\David Geraldo\Desktop\test\system\Debug\Exceptions.php(298): include()
#2 C:\Users\David Geraldo\Desktop\test\system\Debug\Exceptions.php(171): CodeIgniter\Debug\Exceptions->render(Object(CodeIgniter\View\Exceptions\ViewException), 500)
#3 [internal function]: CodeIgniter\Debug\Exceptions->exceptionHandler(Object(CodeIgniter\View\Exceptions\ViewException))
#4 {main}
  thrown
#0 [internal function]: CodeIgniter\Debug\Exceptions->shutdownHandler()
#1 {main}
CRITICAL - 2020-06-08 04:36:21 --> Invalid file: dashboard.php
#0 C:\Users\David Geraldo\Desktop\test\system\View\View.php(224): CodeIgniter\Exceptions\FrameworkException::forInvalidFile('dashboard.php')
#1 C:\Users\David Geraldo\Desktop\test\system\Common.php(1071): CodeIgniter\View\View->render('dashboard', Array, true)
#2 C:\Users\David Geraldo\Desktop\test\app\Controllers\Dashboard.php(7): view('dashboard')
#3 C:\Users\David Geraldo\Desktop\test\system\CodeIgniter.php(910): App\Controllers\Dashboard->index()
#4 C:\Users\David Geraldo\Desktop\test\system\CodeIgniter.php(398): CodeIgniter\CodeIgniter->runController(Object(App\Controllers\Dashboard))
#5 C:\Users\David Geraldo\Desktop\test\system\CodeIgniter.php(306): CodeIgniter\CodeIgniter->handleRequest(NULL, Object(Config\Cache), false)
#6 C:\Users\David Geraldo\Desktop\test\public\index.php(45): CodeIgniter\CodeIgniter->run()
#7 C:\Users\David Geraldo\Desktop\test\system\Commands\Server\rewrite.php(34): require_once('C:\\Users\\David ...')
#8 {main}
CRITICAL - 2020-06-08 04:36:21 --> Uncaught ErrorException: include(C:\Users\David Geraldo\Desktop\test\app\Views/errors/html/production.php): failed to open stream: No such file or directory in C:\Users\David Geraldo\Desktop\test\system\Debug\Exceptions.php:298
Stack trace:
#0 C:\Users\David Geraldo\Desktop\test\system\Debug\Exceptions.php(298): CodeIgniter\Debug\Exceptions->errorHandler(2, 'include(C:\\User...', 'C:\\Users\\David ...', 298, Array)
#1 C:\Users\David Geraldo\Desktop\test\system\Debug\Exceptions.php(298): include()
#2 C:\Users\David Geraldo\Desktop\test\system\Debug\Exceptions.php(171): CodeIgniter\Debug\Exceptions->render(Object(CodeIgniter\View\Exceptions\ViewException), 500)
#3 [internal function]: CodeIgniter\Debug\Exceptions->exceptionHandler(Object(CodeIgniter\View\Exceptions\ViewException))
#4 {main}
  thrown
#0 [internal function]: CodeIgniter\Debug\Exceptions->shutdownHandler()
#1 {main}
CRITICAL - 2020-06-08 04:36:21 --> Invalid file: dashboard.php
#0 C:\Users\David Geraldo\Desktop\test\system\View\View.php(224): CodeIgniter\Exceptions\FrameworkException::forInvalidFile('dashboard.php')
#1 C:\Users\David Geraldo\Desktop\test\system\Common.php(1071): CodeIgniter\View\View->render('dashboard', Array, true)
#2 C:\Users\David Geraldo\Desktop\test\app\Controllers\Dashboard.php(7): view('dashboard')
#3 C:\Users\David Geraldo\Desktop\test\system\CodeIgniter.php(910): App\Controllers\Dashboard->index()
#4 C:\Users\David Geraldo\Desktop\test\system\CodeIgniter.php(398): CodeIgniter\CodeIgniter->runController(Object(App\Controllers\Dashboard))
#5 C:\Users\David Geraldo\Desktop\test\system\CodeIgniter.php(306): CodeIgniter\CodeIgniter->handleRequest(NULL, Object(Config\Cache), false)
#6 C:\Users\David Geraldo\Desktop\test\public\index.php(45): CodeIgniter\CodeIgniter->run()
#7 C:\Users\David Geraldo\Desktop\test\system\Commands\Server\rewrite.php(34): require_once('C:\\Users\\David ...')
#8 {main}
CRITICAL - 2020-06-08 04:36:21 --> Uncaught ErrorException: include(C:\Users\David Geraldo\Desktop\test\app\Views/errors/html/production.php): failed to open stream: No such file or directory in C:\Users\David Geraldo\Desktop\test\system\Debug\Exceptions.php:298
Stack trace:
#0 C:\Users\David Geraldo\Desktop\test\system\Debug\Exceptions.php(298): CodeIgniter\Debug\Exceptions->errorHandler(2, 'include(C:\\User...', 'C:\\Users\\David ...', 298, Array)
#1 C:\Users\David Geraldo\Desktop\test\system\Debug\Exceptions.php(298): include()
#2 C:\Users\David Geraldo\Desktop\test\system\Debug\Exceptions.php(171): CodeIgniter\Debug\Exceptions->render(Object(CodeIgniter\View\Exceptions\ViewException), 500)
#3 [internal function]: CodeIgniter\Debug\Exceptions->exceptionHandler(Object(CodeIgniter\View\Exceptions\ViewException))
#4 {main}
  thrown
#0 [internal function]: CodeIgniter\Debug\Exceptions->shutdownHandler()
#1 {main}
CRITICAL - 2020-06-08 04:36:21 --> Invalid file: dashboard.php
#0 C:\Users\David Geraldo\Desktop\test\system\View\View.php(224): CodeIgniter\Exceptions\FrameworkException::forInvalidFile('dashboard.php')
#1 C:\Users\David Geraldo\Desktop\test\system\Common.php(1071): CodeIgniter\View\View->render('dashboard', Array, true)
#2 C:\Users\David Geraldo\Desktop\test\app\Controllers\Dashboard.php(7): view('dashboard')
#3 C:\Users\David Geraldo\Desktop\test\system\CodeIgniter.php(910): App\Controllers\Dashboard->index()
#4 C:\Users\David Geraldo\Desktop\test\system\CodeIgniter.php(398): CodeIgniter\CodeIgniter->runController(Object(App\Controllers\Dashboard))
#5 C:\Users\David Geraldo\Desktop\test\system\CodeIgniter.php(306): CodeIgniter\CodeIgniter->handleRequest(NULL, Object(Config\Cache), false)
#6 C:\Users\David Geraldo\Desktop\test\public\index.php(45): CodeIgniter\CodeIgniter->run()
#7 C:\Users\David Geraldo\Desktop\test\system\Commands\Server\rewrite.php(34): require_once('C:\\Users\\David ...')
#8 {main}
CRITICAL - 2020-06-08 04:36:21 --> Uncaught ErrorException: include(C:\Users\David Geraldo\Desktop\test\app\Views/errors/html/production.php): failed to open stream: No such file or directory in C:\Users\David Geraldo\Desktop\test\system\Debug\Exceptions.php:298
Stack trace:
#0 C:\Users\David Geraldo\Desktop\test\system\Debug\Exceptions.php(298): CodeIgniter\Debug\Exceptions->errorHandler(2, 'include(C:\\User...', 'C:\\Users\\David ...', 298, Array)
#1 C:\Users\David Geraldo\Desktop\test\system\Debug\Exceptions.php(298): include()
#2 C:\Users\David Geraldo\Desktop\test\system\Debug\Exceptions.php(171): CodeIgniter\Debug\Exceptions->render(Object(CodeIgniter\View\Exceptions\ViewException), 500)
#3 [internal function]: CodeIgniter\Debug\Exceptions->exceptionHandler(Object(CodeIgniter\View\Exceptions\ViewException))
#4 {main}
  thrown
#0 [internal function]: CodeIgniter\Debug\Exceptions->shutdownHandler()
#1 {main}
CRITICAL - 2020-06-08 04:36:47 --> Invalid file: layouts/header.php
#0 C:\Users\David Geraldo\Desktop\test\system\View\View.php(224): CodeIgniter\Exceptions\FrameworkException::forInvalidFile('layouts/heade...')
#1 C:\Users\David Geraldo\Desktop\test\system\Common.php(1071): CodeIgniter\View\View->render('layouts/heade...', Array, true)
#2 C:\Users\David Geraldo\Desktop\test\app\Views\dashboard.php(1): view('layouts/heade...')
#3 C:\Users\David Geraldo\Desktop\test\system\View\View.php(236): include('C:\\Users\\David ...')
#4 C:\Users\David Geraldo\Desktop\test\system\Common.php(1071): CodeIgniter\View\View->render('dashboard', Array, true)
#5 C:\Users\David Geraldo\Desktop\test\app\Controllers\Dashboard.php(7): view('dashboard')
#6 C:\Users\David Geraldo\Desktop\test\system\CodeIgniter.php(910): App\Controllers\Dashboard->index()
#7 C:\Users\David Geraldo\Desktop\test\system\CodeIgniter.php(398): CodeIgniter\CodeIgniter->runController(Object(App\Controllers\Dashboard))
#8 C:\Users\David Geraldo\Desktop\test\system\CodeIgniter.php(306): CodeIgniter\CodeIgniter->handleRequest(NULL, Object(Config\Cache), false)
#9 C:\Users\David Geraldo\Desktop\test\public\index.php(45): CodeIgniter\CodeIgniter->run()
#10 C:\Users\David Geraldo\Desktop\test\system\Commands\Server\rewrite.php(34): require_once('C:\\Users\\David ...')
#11 {main}
CRITICAL - 2020-06-08 04:37:09 --> Invalid file: layouts/header.php
#0 C:\Users\David Geraldo\Desktop\test\system\View\View.php(224): CodeIgniter\Exceptions\FrameworkException::forInvalidFile('layouts/heade...')
#1 C:\Users\David Geraldo\Desktop\test\system\Common.php(1071): CodeIgniter\View\View->render('layouts/heade...', Array, true)
#2 C:\Users\David Geraldo\Desktop\test\app\Views\category\index.php(1): view('layouts/heade...')
#3 C:\Users\David Geraldo\Desktop\test\system\View\View.php(236): include('C:\\Users\\David ...')
#4 C:\Users\David Geraldo\Desktop\test\system\Common.php(1071): CodeIgniter\View\View->render('category/index', Array, true)
#5 C:\Users\David Geraldo\Desktop\test\app\Controllers\Category.php(13): view('category/index', Array)
#6 C:\Users\David Geraldo\Desktop\test\system\CodeIgniter.php(910): App\Controllers\Category->index()
#7 C:\Users\David Geraldo\Desktop\test\system\CodeIgniter.php(398): CodeIgniter\CodeIgniter->runController(Object(App\Controllers\Category))
#8 C:\Users\David Geraldo\Desktop\test\system\CodeIgniter.php(306): CodeIgniter\CodeIgniter->handleRequest(NULL, Object(Config\Cache), false)
#9 C:\Users\David Geraldo\Desktop\test\public\index.php(45): CodeIgniter\CodeIgniter->run()
#10 C:\Users\David Geraldo\Desktop\test\system\Commands\Server\rewrite.php(34): require_once('C:\\Users\\David ...')
#11 {main}
CRITICAL - 2020-06-08 04:39:22 --> pagination is not a valid Pager template.
#0 C:\Users\David Geraldo\Desktop\test\system\Pager\Pager.php(183): CodeIgniter\Pager\Exceptions\PagerException::forInvalidTemplate('pagination')
#1 C:\Users\David Geraldo\Desktop\test\system\Pager\Pager.php(122): CodeIgniter\Pager\Pager->displayLinks('product', 'pagination')
#2 C:\Users\David Geraldo\Desktop\test\app\Views\product\index.php(109): CodeIgniter\Pager\Pager->links('product', 'pagination')
#3 C:\Users\David Geraldo\Desktop\test\system\View\View.php(236): include('C:\\Users\\David ...')
#4 C:\Users\David Geraldo\Desktop\test\system\Common.php(1071): CodeIgniter\View\View->render('product/index', Array, true)
#5 C:\Users\David Geraldo\Desktop\test\app\Controllers\Product.php(52): view('product/index', Array)
#6 C:\Users\David Geraldo\Desktop\test\system\CodeIgniter.php(910): App\Controllers\Product->index()
#7 C:\Users\David Geraldo\Desktop\test\system\CodeIgniter.php(398): CodeIgniter\CodeIgniter->runController(Object(App\Controllers\Product))
#8 C:\Users\David Geraldo\Desktop\test\system\CodeIgniter.php(306): CodeIgniter\CodeIgniter->handleRequest(NULL, Object(Config\Cache), false)
#9 C:\Users\David Geraldo\Desktop\test\public\index.php(45): CodeIgniter\CodeIgniter->run()
#10 C:\Users\David Geraldo\Desktop\test\system\Commands\Server\rewrite.php(34): require_once('C:\\Users\\David ...')
#11 {main}
CRITICAL - 2020-06-08 04:39:28 --> pagination is not a valid Pager template.
#0 C:\Users\David Geraldo\Desktop\test\system\Pager\Pager.php(183): CodeIgniter\Pager\Exceptions\PagerException::forInvalidTemplate('pagination')
#1 C:\Users\David Geraldo\Desktop\test\system\Pager\Pager.php(122): CodeIgniter\Pager\Pager->displayLinks('product', 'pagination')
#2 C:\Users\David Geraldo\Desktop\test\app\Views\product\index.php(109): CodeIgniter\Pager\Pager->links('product', 'pagination')
#3 C:\Users\David Geraldo\Desktop\test\system\View\View.php(236): include('C:\\Users\\David ...')
#4 C:\Users\David Geraldo\Desktop\test\system\Common.php(1071): CodeIgniter\View\View->render('product/index', Array, true)
#5 C:\Users\David Geraldo\Desktop\test\app\Controllers\Product.php(52): view('product/index', Array)
#6 C:\Users\David Geraldo\Desktop\test\system\CodeIgniter.php(910): App\Controllers\Product->index()
#7 C:\Users\David Geraldo\Desktop\test\system\CodeIgniter.php(398): CodeIgniter\CodeIgniter->runController(Object(App\Controllers\Product))
#8 C:\Users\David Geraldo\Desktop\test\system\CodeIgniter.php(306): CodeIgniter\CodeIgniter->handleRequest(NULL, Object(Config\Cache), false)
#9 C:\Users\David Geraldo\Desktop\test\public\index.php(45): CodeIgniter\CodeIgniter->run()
#10 C:\Users\David Geraldo\Desktop\test\system\Commands\Server\rewrite.php(34): require_once('C:\\Users\\David ...')
#11 {main}
CRITICAL - 2020-06-08 04:39:52 --> pagination is not a valid Pager template.
#0 C:\Users\David Geraldo\Desktop\test\system\Pager\Pager.php(183): CodeIgniter\Pager\Exceptions\PagerException::forInvalidTemplate('pagination')
#1 C:\Users\David Geraldo\Desktop\test\system\Pager\Pager.php(122): CodeIgniter\Pager\Pager->displayLinks('product', 'pagination')
#2 C:\Users\David Geraldo\Desktop\test\app\Views\product\index.php(109): CodeIgniter\Pager\Pager->links('product', 'pagination')
#3 C:\Users\David Geraldo\Desktop\test\system\View\View.php(236): include('C:\\Users\\David ...')
#4 C:\Users\David Geraldo\Desktop\test\system\Common.php(1071): CodeIgniter\View\View->render('product/index', Array, true)
#5 C:\Users\David Geraldo\Desktop\test\app\Controllers\Product.php(52): view('product/index', Array)
#6 C:\Users\David Geraldo\Desktop\test\system\CodeIgniter.php(910): App\Controllers\Product->index()
#7 C:\Users\David Geraldo\Desktop\test\system\CodeIgniter.php(398): CodeIgniter\CodeIgniter->runController(Object(App\Controllers\Product))
#8 C:\Users\David Geraldo\Desktop\test\system\CodeIgniter.php(306): CodeIgniter\CodeIgniter->handleRequest(NULL, Object(Config\Cache), false)
#9 C:\Users\David Geraldo\Desktop\test\public\index.php(45): CodeIgniter\CodeIgniter->run()
#10 C:\Users\David Geraldo\Desktop\test\system\Commands\Server\rewrite.php(34): require_once('C:\\Users\\David ...')
#11 {main}
CRITICAL - 2020-06-08 04:41:06 --> pagination is not a valid Pager template.
#0 C:\Users\David Geraldo\Desktop\test\system\Pager\Pager.php(183): CodeIgniter\Pager\Exceptions\PagerException::forInvalidTemplate('pagination')
#1 C:\Users\David Geraldo\Desktop\test\system\Pager\Pager.php(122): CodeIgniter\Pager\Pager->displayLinks('product', 'pagination')
#2 C:\Users\David Geraldo\Desktop\test\app\Views\product\index.php(109): CodeIgniter\Pager\Pager->links('product', 'pagination')
#3 C:\Users\David Geraldo\Desktop\test\system\View\View.php(236): include('C:\\Users\\David ...')
#4 C:\Users\David Geraldo\Desktop\test\system\Common.php(1071): CodeIgniter\View\View->render('product/index', Array, true)
#5 C:\Users\David Geraldo\Desktop\test\app\Controllers\Product.php(52): view('product/index', Array)
#6 C:\Users\David Geraldo\Desktop\test\system\CodeIgniter.php(910): App\Controllers\Product->index()
#7 C:\Users\David Geraldo\Desktop\test\system\CodeIgniter.php(398): CodeIgniter\CodeIgniter->runController(Object(App\Controllers\Product))
#8 C:\Users\David Geraldo\Desktop\test\system\CodeIgniter.php(306): CodeIgniter\CodeIgniter->handleRequest(NULL, Object(Config\Cache), false)
#9 C:\Users\David Geraldo\Desktop\test\public\index.php(45): CodeIgniter\CodeIgniter->run()
#10 C:\Users\David Geraldo\Desktop\test\system\Commands\Server\rewrite.php(34): require_once('C:\\Users\\David ...')
#11 {main}
CRITICAL - 2020-06-08 04:41:19 --> pagination is not a valid Pager template.
#0 C:\Users\David Geraldo\Desktop\test\system\Pager\Pager.php(183): CodeIgniter\Pager\Exceptions\PagerException::forInvalidTemplate('pagination')
#1 C:\Users\David Geraldo\Desktop\test\system\Pager\Pager.php(122): CodeIgniter\Pager\Pager->displayLinks('product', 'pagination')
#2 C:\Users\David Geraldo\Desktop\test\app\Views\product\index.php(109): CodeIgniter\Pager\Pager->links('product', 'pagination')
#3 C:\Users\David Geraldo\Desktop\test\system\View\View.php(236): include('C:\\Users\\David ...')
#4 C:\Users\David Geraldo\Desktop\test\system\Common.php(1071): CodeIgniter\View\View->render('product/index', Array, true)
#5 C:\Users\David Geraldo\Desktop\test\app\Controllers\Product.php(52): view('product/index', Array)
#6 C:\Users\David Geraldo\Desktop\test\system\CodeIgniter.php(910): App\Controllers\Product->index()
#7 C:\Users\David Geraldo\Desktop\test\system\CodeIgniter.php(398): CodeIgniter\CodeIgniter->runController(Object(App\Controllers\Product))
#8 C:\Users\David Geraldo\Desktop\test\system\CodeIgniter.php(306): CodeIgniter\CodeIgniter->handleRequest(NULL, Object(Config\Cache), false)
#9 C:\Users\David Geraldo\Desktop\test\public\index.php(45): CodeIgniter\CodeIgniter->run()
#10 C:\Users\David Geraldo\Desktop\test\system\Commands\Server\rewrite.php(34): require_once('C:\\Users\\David ...')
#11 {main}
CRITICAL - 2020-06-08 04:42:45 --> pagination is not a valid Pager template.
#0 C:\Users\David Geraldo\Desktop\test\system\Pager\Pager.php(183): CodeIgniter\Pager\Exceptions\PagerException::forInvalidTemplate('pagination')
#1 C:\Users\David Geraldo\Desktop\test\system\Pager\Pager.php(122): CodeIgniter\Pager\Pager->displayLinks('product', 'pagination')
#2 C:\Users\David Geraldo\Desktop\test\app\Views\product\index.php(109): CodeIgniter\Pager\Pager->links('product', 'pagination')
#3 C:\Users\David Geraldo\Desktop\test\system\View\View.php(236): include('C:\\Users\\David ...')
#4 C:\Users\David Geraldo\Desktop\test\system\Common.php(1071): CodeIgniter\View\View->render('product/index', Array, true)
#5 C:\Users\David Geraldo\Desktop\test\app\Controllers\Product.php(52): view('product/index', Array)
#6 C:\Users\David Geraldo\Desktop\test\system\CodeIgniter.php(910): App\Controllers\Product->index()
#7 C:\Users\David Geraldo\Desktop\test\system\CodeIgniter.php(398): CodeIgniter\CodeIgniter->runController(Object(App\Controllers\Product))
#8 C:\Users\David Geraldo\Desktop\test\system\CodeIgniter.php(306): CodeIgniter\CodeIgniter->handleRequest(NULL, Object(Config\Cache), false)
#9 C:\Users\David Geraldo\Desktop\test\public\index.php(45): CodeIgniter\CodeIgniter->run()
#10 C:\Users\David Geraldo\Desktop\test\system\Commands\Server\rewrite.php(34): require_once('C:\\Users\\David ...')
#11 {main}
CRITICAL - 2020-06-08 04:48:18 --> Invalid file: layouts/header.php
#0 C:\Users\David Geraldo\Desktop\test\system\View\View.php(224): CodeIgniter\Exceptions\FrameworkException::forInvalidFile('layouts/heade...')
#1 C:\Users\David Geraldo\Desktop\test\system\Common.php(1071): CodeIgniter\View\View->render('layouts/heade...', Array, true)
#2 C:\Users\David Geraldo\Desktop\test\app\Views\transaction\index.php(1): view('layouts/heade...')
#3 C:\Users\David Geraldo\Desktop\test\system\View\View.php(236): include('C:\\Users\\David ...')
#4 C:\Users\David Geraldo\Desktop\test\system\Common.php(1071): CodeIgniter\View\View->render('transaction/ind...', Array, true)
#5 C:\Users\David Geraldo\Desktop\test\app\Controllers\Transaction.php(24): view('transaction/ind...', Array)
#6 C:\Users\David Geraldo\Desktop\test\system\CodeIgniter.php(910): App\Controllers\Transaction->index()
#7 C:\Users\David Geraldo\Desktop\test\system\CodeIgniter.php(398): CodeIgniter\CodeIgniter->runController(Object(App\Controllers\Transaction))
#8 C:\Users\David Geraldo\Desktop\test\system\CodeIgniter.php(306): CodeIgniter\CodeIgniter->handleRequest(NULL, Object(Config\Cache), false)
#9 C:\Users\David Geraldo\Desktop\test\public\index.php(45): CodeIgniter\CodeIgniter->run()
#10 C:\Users\David Geraldo\Desktop\test\system\Commands\Server\rewrite.php(34): require_once('C:\\Users\\David ...')
#11 {main}
